[1m[34m[1/4] index.qmd[39m[22m
[1m[34m[2/4] notebooks/03_DE_plots.qmd[39m[22m
[1m[34m[3/4] notebooks/04_gsea.qmd[39m[22m
[31m

processing file: 04_gsea.qmd
[39m1/17                  
2/17 [unnamed-chunk-1]
3/17                  
4/17 [unnamed-chunk-2]
5/17                  
6/17 [unnamed-chunk-3]
7/17                  
8/17 [unnamed-chunk-4]
9/17                  
10/17 [unnamed-chunk-5]
11/17                  
12/17 [unnamed-chunk-6]
13/17                  
14/17 [unnamed-chunk-7]
15/17                  
16/17 [unnamed-chunk-8]
17/17                  
[31moutput file: 04_gsea.knit.md

[39m[1m[34m[4/4] notebooks/01a_initial_qc_spectronaut.qmd[39m[22m
[31m

processing file: 01a_initial_qc_spectronaut.qmd
[39m1/33                   
2/33 [setup]           
3/33                   
4/33 [unnamed-chunk-1] 
5/33                   
6/33 [unnamed-chunk-2] 
7/33                   
8/33 [unnamed-chunk-3] 
9/33                   
10/33 [unnamed-chunk-4] 
11/33                   
12/33 [unnamed-chunk-5] 
13/33                   
14/33 [unnamed-chunk-6] 
15/33                   
16/33 [unnamed-chunk-7] 
17/33                   
18/33 [unnamed-chunk-8] 
19/33                   
20/33 [unnamed-chunk-9] 
21/33                   
22/33 [unnamed-chunk-10]
23/33                   
24/33 [unnamed-chunk-11]
25/33                   
26/33 [unnamed-chunk-12]
27/33                   
28/33 [unnamed-chunk-13]
29/33                   
30/33 [unnamed-chunk-14]
31/33                   
32/33 [unnamed-chunk-15]
33/33                   
[31moutput file: 01a_initial_qc_spectronaut.knit.md

[39m
Output created: docs/index.html

