host: cn011
start: 2026-04-29T09:32:50+01:00
[1m[34m[ 1/13] index.qmd[39m[22m
[1m[34m[ 2/13] bulk_proteomics/notebooks/03_DE_plots.qmd[39m[22m
[1m[34m[ 3/13] phosphoproteomics/notebooks/05_phospho_GSEA.qmd[39m[22m
[1m[34m[ 4/13] bulk_proteomics/notebooks/05_microglia_app_modulated.qmd[39m[22m
[1m[34m[ 5/13] phosphoproteomics/notebooks/03_phospho_DE_plots.qmd[39m[22m
[1m[34m[ 6/13] phosphoproteomics/notebooks/04_kinase_activity.qmd[39m[22m
[1m[34m[ 7/13] bulk_proteomics/notebooks/04_gsea.qmd[39m[22m
[1m[34m[ 8/13] bulk_proteomics/notebooks/06_PPI.qmd[39m[22m
[31m

processing file: 06_PPI.qmd
[39m1/21                  
2/21 [setup]          
3/21                  
4/21 [unnamed-chunk-1]
5/21                  
6/21 [unnamed-chunk-2]
7/21                  
8/21 [unnamed-chunk-3]
9/21                  
10/21 [unnamed-chunk-4]
[31m--2026-04-29 09:33:21--  https://stringdb-downloads.org/download/protein.aliases.v12.0/10090.protein.aliases.v12.0.txt.gz
[39m[31mResolving stringdb-downloads.org (stringdb-downloads.org)... [39m[31m49.12.123.75
[39m[31mConnecting to stringdb-downloads.org (stringdb-downloads.org)|49.12.123.75|:443... [39m[31mconnected.
[39m[31mHTTP request sent, awaiting response... [39m[31m200 OK
[39m[31mLength: 11695521 (11M) [application/octet-stream]
Saving to: ‘/nemo/lab/destrooperb/home/shared/zanettc/giulia_proteomics/bulk_proteomics/data/stringdb_cache/10090.protein.aliases.v12.0.txt.gz’
[39m[31m
     0K .[39m[31m......... .....[39m[31m...[39m[31m.. .......... .[39m[31m...[39m[31m...... .......[39m[31m...[39m[31m  0%  980K 12s
    50K .......... ...[39m[31m....[39m[31m... .........[39m[31m. .[39m[31m......... .....[39m[31m...[39m[31m..  0% 31.0M 6s
   100K .......... .[39m[31m...[39m[31m...... .......[39m[31m...[39m[31m .......... ...[39m[31m...[39m[31m....  1% 2.00M 6s
   150K .........[39m[31m. .[39m[31m......... .....[39m[31m...[39m[31m.. .......... .[39m[31m........[39m[31m.  1% 44.2M 4s
   200K .......... .[39m[31m......... ...[39m[31m....... .........[39m[31m. .......[39m[31m...  2% 90.9M 4s
   250K .....[39m[31m...[39m[31m.. .......... .......[39m[31m... .......... ...[39m[31m.......  2% 2.09M 4s
   300K ...[39m[31m...[39m[31m.... .........[39m[31m. .......... .....[39m[31m..... [39m[31m..........  3% 61.0M 3s
   350K ..[39m[31m........ .......[39m[31m... .....[39m[31m..... ...[39m[31m....... .........[39m[31m.  3% 69.5M 3s
   400K .......... ....[39m[31m...... .......... .[39m[31m......... [39m[31m..........  3%[39m[31m  101M 3s
   450K .......... ....[39m[31m...... .......... ..[39m[31m........ .....[39m[31m.....  4%  115M 2s
   500K .......... .[39m[31m...[39m[31m...... .......[39m[31m... .......... .....[39m[31m.....  4% 2.14M 3s
   550K ..........[39m[31m .......... .......... ..[39m[31m........ ..[39m[31m........  5% 92.9M 2s
   600K .......[39m[31m... .......... ...[39m[31m....... .......... ..........  5%  117M 2s
   650K .......... .......... .......... .......[39m[31m... ..........  6%  140M 2s
   700K ...[39m[31m....... .........[39m[31m. .......... .....[39m[31m..... ..........  6%  112M 2s
   750K .[39m[31m......... .......[39m[31m... .......... ...[39m[31m....... .........[39m[31m.  7% 98.3M 2s
   800K .......... .....[39m[31m..... .......... .[39m[31m......... .......[39m[31m...  7%  112M 2s
   850K .......... ...[39m[31m....... .........[39m[31m. .......... .....[39m[31m.....  7%  115M 2s
   900K .......... .[39m[31m......... .......[39m[31m... .......... ...[39m[31m.......  8%  121M 1s
   950K .........[39m[31m. .......... .....[39m[31m..... .......... .[39m[31m........[39m[31m.  8%  104M 1s
  1000K .......... .....[39m[31m..... ...[39m[31m....... .........[39m[31m. .[39m[31m.........  9% 47.6M 1s
  1050K .....[39m[31m...[39m[31m.. .......... .........[39m[31m. .......... ..........  9% 2.38M 1s
  1100K .......... .......... .......... .......... .......... 10%  135M 1s
  1150K .......... .......... .......... .......... .......... 10% 93.7M 1s
  1200K .......... .....[39m[31m..... .......... .[39m[31m........[39m[31m. .......... 10%  105M 1s
  1250K ..[39m[31m........ .......... .[39m[31m......... .......[39m[31m... .........[39m[31m. 11%  121M 1s
  1300K .......... .[39m[31m......... .........[39m[31m. .......... ...[39m[31m....... 11%  117M 1s
  1350K .......... [39m[31m.......... .......... [39m[31m.......... .[39m[31m......... 12%  108M 1s
  1400K .......[39m[31m... .......... ...[39m[31m....... .........[39m[31m. .......... 12%  116M 1s
  1450K .....[39m[31m..... .......... .[39m[31m......... .......[39m[31m... .......... 13%  112M 1s
  1500K ...[39m[31m....... ......[39m[31m.... .......[39m[31m... .......... ...[39m[31m....... 13%  116M 1s
  1550K .......[39m[31m... ........[39m[31m.. .......... ...[39m[31m....... .........[39m[31m. 14% 93.1M 1s
  1600K .......... .....[39m[31m..... .......... .[39m[31m......... .......[39m[31m... 14%  116M 1s
  1650K .......... .[39m[31m......... .[39m[31m......... .......[39m[31m... .......... 14%  116M 1s
  1700K [39m[31m.......... .........[39m[31m. ........[39m[31m.. .......... ...[39m[31m....... 15%  117M 1s
  1750K .........[39m[31m. .......... .......... .......... .......... 15%  108M 1s
  1800K .......... [39m[31m.......... .......... .[39m[31m......... .......[39m[31m... 16%  122M 1s
  1850K .......... ...[39m[31m....... ...[39m[31m....... .......[39m[31m... .......... 16%  117M 1s
  1900K ...[39m[31m....... .........[39m[31m. .......... .....[39m[31m..... .......... 17%[39m[31m  113M 1s
  1950K ........[39m[31m.. .......... .....[39m[31m..... .......... .[39m[31m......... 17% 96.6M 1s[39m[31m
  2000K .......... .....[39m[31m..... .......... .[39m[31m......... .......[39m[31m... 17%  120M 1s
  2050K .......... ...[39m[31m....... .........[39m[31m. .......... .....[39m[31m..... 18%  115M 1s
  2100K .......... [39m[31m.........[39m[31m. .......... .....[39m[31m..... ...[39m[31m...[39m[31m.... 18% 2.99M 1s
  2150K .........[39m[31m. .[39m[31m......... .......... ..[39m[31m........ .........[39m[31m. 19% 63.3M 1s
  2200K .......[39m[31m... .......... ...[39m[31m....... ..........[39m[31m .......... 19%  102M 1s
  2250K .....[39m[31m..... .......... .[39m[31m......... .......[39m[31m... .......... 20%  113M 1s
  2300K[39m[31m .......... ..[39m[31m........ .......[39m[31m... .......... ...[39m[31m....... 20%  118M 1s
  2350K ...[39m[31m....... .......[39m[31m... .......... ...[39m[31m....... .........[39m[31m. 21% 95.3M 1s
  2400K .......... .....[39m[31m..... ...[39m[31m....... .........[39m[31m. .......... 21%  116M 1s
  2450K ..[39m[31m........ ...[39m[31m....... .........[39m[31m. .......... .....[39m[31m..... 21%  115M 1s
  2500K .......... .[39m[31m......... .......[39m[31m... ..........[39m[31m .......... 22%  118M 1s
  2550K .[39m[31m......... .......[39m[31m... .......... ...[39m[31m....... .........[39m[31m. 22%  107M 1s
  2600K .......[39m[31m... .......... ...[39m[31m....... .........[39m[31m. .......... 23%  119M 1s
  2650K .....[39m[31m..... .......... .[39m[31m......... .......[39m[31m... .......... 23%  112M[39m[31m 1s
  2700K .......... .[39m[31m......... .......[39m[31m... .......... ...[39m[31m....... 24%  120M 1s
  2750K .......... .......... .......... .......... .[39m[31m......... 24%  106M 1s
  2800K .......[39m[31m... .......... ...[39m[31m....... .........[39m[31m. .......... 24%  118M 1s
  2850K ..[39m[31m........ ...[39m[31m....... .........[39m[31m. .......... .....[39m[31m..... 25%  116M 1s
  2900K .......... .[39m[31m......... .....[39m[31m..... ........[39m[31m.. .......... 25%  113M 1s
  2950K[39m[31m .........[39m[31m. .......... .....[39m[31m..... .......... .[39m[31m......... 26%  106M 1s
  3000K .......[39m[31m... .......... ...[39m[31m....... ...[39m[31m....... .......[39m[31m... 26%  111M 1s
  3050K .......... ...[39m[31m....... .......[39m[31m... .......... ..[39m[31m........ 27%  121M 1s
  3100K ...[39m[31m....... .........[39m[31m. .......... .....[39m[31m..... .......... 27%  113M 0s
  3150K[39m[31m .......... [39m[31m.......... ....[39m[31m...... .......... [39m[31m.......... 28% 95.6M[39m[31m 0s
  3200K .......... .....[39m[31m..... .......... .[39m[31m......... .......[39m[31m... 28%  114M 0s
  3250K ........[39m[31m.. .......... .[39m[31m......... .......[39m[31m... .......... 28%  117M 0s
  3300K [39m[31m.......... .[39m[31m......... .......[39m[31m... .......... ...[39m[31m....... 29%  115M 0s
  3350K .........[39m[31m. .......... .[39m[31m......... ......[39m[31m.... .........[39m[31m. 29%  104M 0s
  3400K .......[39m[31m... .......... ...[39m[31m....... .........[39m[31m. .......... 30%  116M 0s
  3450K .....[39m[31m..... .......... .[39m[31m......... .......[39m[31m... .......... 30%  111M 0s
  3500K[39m[31m .......... ....[39m[31m...... .......[39m[31m... .......... ...[39m[31m....... 31%  118M 0s
  3550K ...[39m[31m....... .......[39m[31m... .......... ...[39m[31m....... .........[39m[31m. 31% 94.3M 0s
  3600K .......... .....[39m[31m..... ...[39m[31m....... .........[39m[31m. .......... 31%  114M 0s
  3650K .[39m[31m......... ...[39m[31m....... .........[39m[31m. .......... .....[39m[31m..... 32%  115M 0s
  3700K .......... .[39m[31m......... .......... .......... .......... 32%  118M 0s
  3750K .........[39m[31m. .......... .....[39m[31m..... .......... .[39m[31m......... 33%  108M 0s
  3800K ....[39m[31m...[39m[31m... .......... ...[39m[31m...[39m[31m.... .......... ....[39m[31m...... 33% 84.0M 0s
  3850K .....[39m[31m..... .......... .[39m[31m...[39m[31m...... .......... ...[39m[31m....... 34% 25.1M 0s
  3900K ...[39m[31m....... .........[39m[31m. .......... .....[39m[31m...[39m[31m.. .......... 34% 24.4M 0s
  3950K .[39m[31m......... .......[39m[31m... .......... ...[39m[31m....... .........[39m[31m. 35%[39m[31m 23.1M 0s
  4000K .......... .....[39m[31m..... .......... .[39m[31m......... .......[39m[31m... 35%  114M 0s
  4050K .......... ...[39m[31m....[39m[31m... .........[39m[31m. ..........[39m[31m .......... 35% 23.8M 0s
  4100K .[39m[31m......... ........[39m[31m.. .......[39m[31m...[39m[31m .......... ...[39m[31m....... 36% 24.5M 0s
  4150K .[39m[31m......... .......... .....[39m[31m..... .......[39m[31m... .[39m[31m...[39m[31m...... 36% 24.4M 0s
  4200K .......[39m[31m... .......... ...[39m[31m....... .........[39m[31m. .......... 37% 99.9M 0s
  4250K .....[39m[31m....[39m[31m. .......... .[39m[31m......... .......[39m[31m... .......... 37% 24.0M 0s
  4300K ...[39m[31m....... .........[39m[31m. .[39m[31m......... .......... .......... 38% 24.3M 0s
  4350K .......... .......... .......... .......... .......... 38% 23.7M 0s
  4400K .......... .......... .......... .......... .......... 38% 24.5M 0s
  4450K .......... .......... .......... .......... .......... 39%  106M 0s
  4500K .......... .......... .......... .......... .......... 39% 24.8M 0s
  4550K .......... .......... .......... ...[39m[31m....... .........[39m[31m. 40% 23.5M 0s
  4600K .......... .....[39m[31m..... .......... .[39m[31m........[39m[31m. ....[39m[31m...... 40% 24.3M 0s
  4650K .....[39m[31m..... .......... .[39m[31m......... .......[39m[31m... .......... 41%  126M 0s
  4700K ...[39m[31m.....[39m[31m.. .........[39m[31m. .......[39m[31m... .......... .......... 41% 23.9M 0s
  4750K .[39m[31m......... .....[39m[31m..[39m[31m... .[39m[31m......... ...[39m[31m.....[39m[31m.. .......... 42% 22.8M 0s
  4800K .......[39m[31m... .....[39m[31m..... .......... .[39m[31m.....[39m[31m.... .......[39m[31m... 42% 24.1M 0s
  4850K [39m[31m.......... .....[39m[31m..... .........[39m[31m. .......... .....[39m[31m.....[39m[31m 42% 25.3M 0s
  4900K .......... .[39m[31m......... .......[39m[31m... .[39m[31m......... ...[39m[31m....... 43%  118M 0s
  4950K .........[39m[31m. ..[39m[31m........ .....[39m[31m....[39m[31m. .......... .........[39m[31m. 43% 23.8M 0s
  5000K .......[39m[31m... .......... ...[39m[31m....[39m[31m... .........[39m[31m. .......[39m[31m... 44% 23.8M 0s
  5050K .....[39m[31m..... .......... .[39m[31m......... .......[39m[31m... .[39m[31m......... 44% 24.6M 0s
  5100K ...[39m[31m....... .........[39m[31m. .......[39m[31m... .....[39m[31m..... .......... 45%  118M 0s
  5150K .[39m[31m.....[39m[31m.... .......[39m[31m... .......... ...[39m[31m....... .........[39m[31m. 45% 22.9M 0s
  5200K .......... ..[39m[31m...[39m[31m....[39m[31m. .......... .[39m[31m......... .......[39m[31m... 45%[39m[31m 24.0M 0s
  5250K .......... ...[39m[31m....[39m[31m... .........[39m[31m. ...[39m[31m....... .....[39m[31m..... 46% 23.8M 0s
  5300K ....[39m[31m...... .......... .......... .......... ...[39m[31m.....[39m[31m.. 46% 24.4M 0s
  5350K .........[39m[31m. ..[39m[31m........ .......... ...[39m[31m....... ..[39m[31m........ 47%  114M 0s
  5400K .......[39m[31m... [39m[31m.......... ...[39m[31m....... .........[39m[31m. ...[39m[31m....... 47% 24.2M 0s
  5450K .....[39m[31m..... .......... .[39m[31m....[39m[31m..... .......[39m[31m... .....[39m[31m..... 48% 24.0M 0s
  5500K .......... ...[39m[31m......[39m[31m. .......... .....[39m[31m.....[39m[31m .......... 48% 24.5M 0s
  5550K .[39m[31m......... .......[39m[31m... .......... ...[39m[31m......[39m[31m. .........[39m[31m. 49% 22.8M 0s[39m[31m
  5600K .......... .....[39m[31m..... .......... .[39m[31m........[39m[31m. .......... 49%  121M 0s
  5650K .....[39m[31m..... ...[39m[31m.....[39m[31m.. .........[39m[31m. .......... .....[39m[31m....[39m[31m. 49% 24.2M 0s
  5700K .......... .[39m[31m........[39m[31m. .......[39m[31m... .[39m[31m......... ...[39m[31m....... 50% 23.9M 0s[39m[31m
  5750K .........[39m[31m. .......... .....[39m[31m..... ...[39m[31m....... .[39m[31m....[39m[31m..... 50% 24.2M 0s
  5800K .......[39m[31m... [39m[31m.......... .......[39m[31m... .........[39m[31m. .......... 51%  115M 0s
  5850K .....[39m[31m....[39m[31m. .......... .[39m[31m........[39m[31m. .......... .....[39m[31m..... 51% 24.0M 0s
  5900K ...[39m[31m....... .........[39m[31m. ..[39m[31m........ .....[39m[31m..... .......... 52% 24.2M 0s
  5950K .[39m[31m......... [39m[31m.......... .......... ...[39m[31m......[39m[31m. .........[39m[31m. 52% 22.3M 0s
  6000K .......... .....[39m[31m..... .......... .[39m[31m......... .......[39m[31m... 52%[39m[31m 25.1M 0s
  6050K .......... ...[39m[31m....... .........[39m[31m. .....[39m[31m..... .....[39m[31m..... 53%  122M 0s
  6100K ......[39m[31m.... .[39m[31m.....[39m[31m.... .......[39m[31m... .....[39m[31m..... ...[39m[31m....... 53% 24.0M 0s
  6150K .........[39m[31m. ...[39m[31m....... .....[39m[31m.....[39m[31m .......... .[39m[31m.....[39m[31m.... 54% 23.0M 0s
  6200K .......[39m[31m... .......... ...[39m[31m....... .........[39m[31m. ...[39m[31m....... 54% 25.2M 0s
  6250K .....[39m[31m..... ...[39m[31m....... .[39m[31m......... .......[39m[31m... .[39m[31m......... 55%  107M 0s
  6300K ...[39m[31m....[39m[31m... .........[39m[31m. .......... [39m[31m.....[39m[31m.....[39m[31m .......... 55% 23.9M 0s
  6350K .......[39m[31m... .......[39m[31m... .[39m[31m......... ...[39m[31m....... .........[39m[31m. 56% 23.3M[39m[31m 0s
  6400K .......... .........[39m[31m. .......... .[39m[31m.....[39m[31m.... .......[39m[31m... 56%[39m[31m 23.8M 0s
  6450K .......... .......... [39m[31m..........[39m[31m .......... .....[39m[31m....[39m[31m. 56% 25.1M 0s
  6500K .......... .[39m[31m......... .......[39m[31m... [39m[31m.......... ........[39m[31m.. 57%  110M 0s
  6550K .........[39m[31m. ...[39m[31m....... .....[39m[31m..... .......... .[39m[31m........[39m[31m. 57% 24.2M 0s
  6600K .......[39m[31m... .....[39m[31m..... ...[39m[31m.....[39m[31m.. .........[39m[31m. ........[39m[31m.. 58% 23.9M 0s
  6650K .....[39m[31m..... .......... .[39m[31m........[39m[31m. .......[39m[31m... .[39m[31m......... 58% 24.2M 0s
  6700K ...[39m[31m......[39m[31m. .......... .......... ........[39m[31m.. .......... 59%  117M 0s
  6750K .[39m[31m.....[39m[31m.... .......[39m[31m... .....[39m[31m..... .......... .[39m[31m........[39m[31m. 59% 23.1M 0s
  6800K .......... ....[39m[31m.[39m[31m.....[39m[31m .......... .[39m[31m.....[39m[31m.... .......... 59% 24.1M 0s
  6850K .....[39m[31m..... ...[39m[31m....... .........[39m[31m. ...[39m[31m....... .....[39m[31m..... 60% 23.8M 0s
  6900K[39m[31m .......... .[39m[31m......... .......[39m[31m...[39m[31m .......... ...[39m[31m....[39m[31m... 60% 25.5M 0s
  6950K .........[39m[31m. .....[39m[31m..... .....[39m[31m.....[39m[31m .......... .....[39m[31m..... 61%  102M 0s
  7000K .......[39m[31m... .[39m[31m......... ...[39m[31m..[39m[31m..... .........[39m[31m. .......... 61% 24.8M 0s
  7050K .....[39m[31m.....[39m[31m .......... .[39m[31m.....[39m[31m.... .......[39m[31m... [39m[31m.......... 62% 23.1M 0s
  7100K ...[39m[31m....... .........[39m[31m. .......... .....[39m[31m....[39m[31m. .......... 62% 25.3M 0s
  7150K .[39m[31m....[39m[31m..... .......... .....[39m[31m..... ...[39m[31m....... .........[39m[31m. 63% 23.0M[39m[31m 0s
  7200K .......... .....[39m[31m.....[39m[31m .......... .........[39m[31m. .......... 63%  123M 0s
  7250K ..[39m[31m........ ...[39m[31m.....[39m[31m.. .........[39m[31m. .......... .....[39m[31m..... 63% 24.1M 0s
  7300K ...[39m[31m....... .[39m[31m......... .......[39m[31m... .[39m[31m......... ...[39m[31m....... 64% 24.3M 0s
  7350K .........[39m[31m. ...[39m[31m....... .....[39m[31m..... .......... .[39m[31m.....[39m[31m.... 64% 23.7M 0s
  7400K .......... .......... ...[39m[31m....... .........[39m[31m. ..[39m[31m........ 65%  109M 0s
  7450K .....[39m[31m....[39m[31m. .......... .[39m[31m....[39m[31m..... .......[39m[31m... .......... 65% 24.2M 0s
  7500K ...[39m[31m....... .........[39m[31m. ..[39m[31m........ .....[39m[31m..... ..[39m[31m........ 66% 24.5M 0s
  7550K .[39m[31m......... .......[39m[31m... .......... ...[39m[31m......[39m[31m. .........[39m[31m. 66% 22.7M 0s
  7600K .......... .....[39m[31m..... .......... .[39m[31m......... .......[39m[31m... 66%[39m[31m 24.8M 0s
  7650K .......... ...[39m[31m....... .........[39m[31m. ...[39m[31m....... .......... 67%  117M 0s
  7700K ...[39m[31m....... .[39m[31m.....[39m[31m.... .......[39m[31m... .......... ...[39m[31m....... 67% 24.4M 0s
  7750K .....[39m[31m....[39m[31m. .......... .....[39m[31m.....[39m[31m .......... .[39m[31m....[39m[31m..... 68% 22.9M 0s
  7800K .......[39m[31m... .......... ...[39m[31m....... .........[39m[31m. ..[39m[31m........ 68% 24.4M 0s
  7850K .....[39m[31m..... .......... .[39m[31m....[39m[31m..... .......... ...[39m[31m....... 69%  123M 0s
  7900K ...[39m[31m....[39m[31m... .........[39m[31m. .......[39m[31m... .....[39m[31m..... ........[39m[31m.. 69% 24.6M 0s
  7950K ....[39m[31m...... .......[39m[31m... [39m[31m.......... ...[39m[31m....... ...[39m[31m......[39m[31m. 70% 23.1M 0s
  8000K .......... .....[39m[31m..... [39m[31m.......... .[39m[31m.....[39m[31m.... .......[39m[31m... 70% 24.1M 0s
  8050K .......... ...[39m[31m....... .[39m[31m........[39m[31m. .......... .....[39m[31m.....[39m[31m 70% 24.5M 0s
  8100K .......... .[39m[31m........[39m[31m. .......... .......... ...[39m[31m....... 71%  115M 0s
  8150K .........[39m[31m. ...[39m[31m....... .....[39m[31m..... .......... .[39m[31m......[39m[31m... 71% 3.91M 0s
  8200K .......... [39m[31m.......... .......... ...[39m[31m....... .......... 72%  198M 0s
  8250K .......... .[39m[31m......... .......... .......[39m[31m... .......... 72%  200M 0s
  8300K ...[39m[31m....... .......... .......[39m[31m... .......... .......... 73%  222M 0s
  8350K [39m[31m.......... .......[39m[31m... .......... ......[39m[31m.... .......... 73%  171M 0s
  8400K ......[39m[31m.... .......... .......... .[39m[31m......... .......[39m[31m... 73%  223M 0s
  8450K .......... ...[39m[31m....... .........[39m[31m. .......... .....[39m[31m..... 74%  222M 0s
  8500K .......... .[39m[31m......... .......[39m[31m... .......... ...[39m[31m.....[39m[31m.. 74% 68.2M 0s
  8550K .........[39m[31m. ..[39m[31m........ .......... .[39m[31m......... .[39m[31m........[39m[31m. 75%  108M 0s
  8600K .......[39m[31m... .[39m[31m......... ...[39m[31m....... .........[39m[31m. .......... 75% 24.4M 0s
  8650K .[39m[31m....[39m[31m..... .......... .[39m[31m.....[39m[31m.... .......[39m[31m... .....[39m[31m..... 76% 23.8M 0s
  8700K ...[39m[31m....... .........[39m[31m. ..[39m[31m........ .....[39m[31m.....[39m[31m .......... 76% 24.4M 0s
  8750K .[39m[31m...[39m[31m...... .......[39m[31m... .......... ...[39m[31m....... .........[39m[31m. 77% 23.1M[39m[31m 0s
  8800K .......... .....[39m[31m.....[39m[31m .......... .........[39m[31m. .......[39m[31m... 77%  116M 0s
  8850K .......... ...[39m[31m....[39m[31m... .........[39m[31m. ...[39m[31m....... .......... 77% 23.8M 0s
  8900K ...[39m[31m....... ....[39m[31m...... .......[39m[31m... .[39m[31m......... ...[39m[31m....... 78% 24.5M 0s
  8950K ....[39m[31m.....[39m[31m. .......... .....[39m[31m..... .......... .[39m[31m.....[39m[31m.... 78% 24.0M 0s
  9000K .......[39m[31m... .......... ...[39m[31m....... [39m[31m.......... .......... 79%  119M 0s
  9050K .....[39m[31m.....[39m[31m .......... .[39m[31m....[39m[31m..... .......... ....[39m[31m...... 79% 24.1M 0s
  9100K ...[39m[31m....... ....[39m[31m.....[39m[31m. ...[39m[31m....... .....[39m[31m.....[39m[31m .......... 80% 23.7M 0s
  9150K .[39m[31m......... .......[39m[31m... .......... ...[39m[31m.....[39m[31m.. .........[39m[31m. 80% 23.4M 0s
  9200K .[39m[31m......... .....[39m[31m..... .......... .[39m[31m.....[39m[31m.... .......[39m[31m...[39m[31m 80% 24.6M 0s
  9250K .......... ...[39m[31m....... ...[39m[31m......[39m[31m. .......... ....[39m[31m......[39m[31m 81%  122M 0s
  9300K .......... .[39m[31m....[39m[31m..... .......[39m[31m... .......... ...[39m[31m.....[39m[31m.. 81% 23.6M 0s
  9350K .......... .......[39m[31m... .....[39m[31m....[39m[31m. .......... .[39m[31m.....[39m[31m.... 82% 23.5M 0s
  9400K .......... .....[39m[31m..... .......... .[39m[31m........[39m[31m. ...[39m[31m....... 82% 24.9M 0s
  9450K .....[39m[31m..... ...[39m[31m....... .......... .[39m[31m......[39m[31m... .......... 83%  125M 0s
  9500K ...[39m[31m.....[39m[31m.. .........[39m[31m. ..[39m[31m........ .......... .[39m[31m......... 83% 23.9M 0s
  9550K .[39m[31m......... .......[39m[31m... [39m[31m.......... ...[39m[31m....... .........[39m[31m. 84% 23.0M[39m[31m 0s
  9600K .......... .....[39m[31m..... .......... .[39m[31m....[39m[31m..... .......[39m[31m... 84% 24.3M 0s
  9650K .[39m[31m......... ...[39m[31m....... .........[39m[31m. ..[39m[31m........ .....[39m[31m....[39m[31m. 84% 24.4M 0s
  9700K .......... .[39m[31m....[39m[31m..... .......... [39m[31m.......... ...[39m[31m....... 85%  118M 0s
  9750K .........[39m[31m. ...[39m[31m....... .....[39m[31m..... ...[39m[31m....... .[39m[31m......... 85% 23.9M 0s
  9800K .......[39m[31m... .......... ...[39m[31m......[39m[31m. .........[39m[31m. ...[39m[31m....... 86% 23.3M 0s
  9850K .......... ...[39m[31m....... ...[39m[31m....... .......[39m[31m... .[39m[31m......... 86% 25.2M 0s
  9900K ...[39m[31m.....[39m[31m.. .......... .......... .[39m[31m....[39m[31m..... .......... 87%  108M 0s
  9950K .[39m[31m....[39m[31m..... .......[39m[31m... [39m[31m.......... ...[39m[31m....... .........[39m[31m. 87% 23.2M 0s
 10000K .......[39m[31m... .....[39m[31m....[39m[31m. .......... .[39m[31m....[39m[31m..... .......... 87% 24.0M[39m[31m 0s
 10050K .......... ...[39m[31m....... .........[39m[31m. ..[39m[31m........ .....[39m[31m..... 88% 24.5M 0s
 10100K ...[39m[31m....... .[39m[31m......... .......[39m[31m... .[39m[31m......... ...[39m[31m....[39m[31m... 88% 24.2M 0s
 10150K .........[39m[31m. .[39m[31m......... .....[39m[31m..... .......... .[39m[31m.........[39m[31m 89%  115M 0s
 10200K .......[39m[31m... .[39m[31m......... ...[39m[31m....... .........[39m[31m. .........[39m[31m. 89% 24.3M 0s
 10250K .....[39m[31m..... .......... .[39m[31m.....[39m[31m.... .......[39m[31m... ..........[39m[31m 90% 23.6M 0s
 10300K .......... ...[39m[31m......[39m[31m. .......... .....[39m[31m.....[39m[31m .......... 90% 24.5M 0s
 10350K .[39m[31m....[39m[31m..... .......... ..[39m[31m........ ...[39m[31m....... .........[39m[31m. 91% 23.3M[39m[31m 0s
 10400K .......... .....[39m[31m.....[39m[31m .......... .[39m[31m....[39m[31m..... .......[39m[31m... 91%  112M 0s
 10450K .......... ...[39m[31m.....[39m[31m.. .........[39m[31m. ..[39m[31m........ ..........[39m[31m 91% 24.1M 0s
 10500K .......... .[39m[31m......... .......[39m[31m... [39m[31m.......... ...[39m[31m....[39m[31m... 92% 23.6M 0s
 10550K ..........[39m[31m .......... .....[39m[31m..... .......... .[39m[31m....[39m[31m..... 92% 24.8M 0s
 10600K .......[39m[31m... .......... [39m[31m...[39m[31m....... .........[39m[31m. .......[39m[31m... 93%  119M 0s
 10650K .....[39m[31m....[39m[31m. .......... .[39m[31m......... .......[39m[31m... ...[39m[31m....... 93% 24.5M 0s
 10700K ...[39m[31m....... .[39m[31m........[39m[31m. ....[39m[31m...... .....[39m[31m.....[39m[31m .......... 94% 23.1M 0s
 10750K .........[39m[31m. .......[39m[31m... .......... ...[39m[31m....[39m[31m... .........[39m[31m. 94% 23.5M[39m[31m 0s
 10800K .......... .....[39m[31m..... .........[39m[31m. .[39m[31m......... .......[39m[31m... 94%[39m[31m 24.4M 0s
 10850K .......... ...[39m[31m...[39m[31m.... .........[39m[31m. .......... ...[39m[31m..[39m[31m..... 95%  118M 0s
 10900K .......... .[39m[31m.....[39m[31m.... .......[39m[31m... [39m[31m.......... ...[39m[31m....... 95% 24.0M 0s
 10950K .......[39m[31m..[39m[31m. .......... .....[39m[31m.....[39m[31m .......... .[39m[31m........[39m[31m. 96% 24.2M 0s
 11000K .......[39m[31m... .[39m[31m......... ...[39m[31m....... .........[39m[31m. ...[39m[31m....... 96% 24.2M 0s
 11050K .....[39m[31m.....[39m[31m .......... .........[39m[31m. .......[39m[31m... .......... 97%  117M 0s
 11100K ...[39m[31m.....[39m[31m.. .........[39m[31m. .......... .....[39m[31m.....[39m[31m .......... 97% 24.0M 0s
 11150K .[39m[31m......... .......[39m[31m... .[39m[31m......... ...[39m[31m....[39m[31m... .......... 98% 22.9M 0s
 11200K [39m[31m.......... .......... ...[39m[31m....... .[39m[31m.....[39m[31m.... .......[39m[31m... 98% 24.2M 0s
 11250K ..........[39m[31m .......... .[39m[31m........[39m[31m. .......... .....[39m[31m.....[39m[31m 98% 24.4M 0s
 11300K .......... .[39m[31m......... ....[39m[31m...[39m[31m... .......... ...[39m[31m....... 99%  121M 0s
 11350K .[39m[31m........[39m[31m. ...[39m[31m....... .....[39m[31m..... ...[39m[31m....... .[39m[31m......... 99% 24.0M 0s
 11400K ....[39m[31m...[39m[31m... .......... .                     [39m[31m          100%  167M=0.4s

[39m[31m2026-04-29 09:33:22 (24.9 MB/s) - ‘/nemo/lab/destrooperb/home/shared/zanettc/giulia_proteomics/bulk_proteomics/data/stringdb_cache/10090.protein.aliases.v12.0.txt.gz’ saved [11695521/11695521]

[39m[31m--2026-04-29 09:33:22--  https://stringdb-downloads.org/download/protein.info.v12.0/10090.protein.info.v12.0.txt.gz
[39m[31mResolving stringdb-downloads.org (stringdb-downloads.org)... [39m[31m49.12.123.75
[39m[31mConnecting to stringdb-downloads.org (stringdb-downloads.org)|49.12.123.75|:443... [39m[31mconnected.
[39m[31mHTTP request sent, awaiting response... [39m[31m200 OK
[39m[31mLength: 1922919 (1.8M) [application/octet-stream]
Saving to: ‘/nemo/lab/destrooperb/home/shared/zanettc/giulia_proteomics/bulk_proteomics/data/stringdb_cache/10090.protein.info.v12.0.txt.gz’
[39m[31m
     0K ...[39m[31m....... .....[39m[31m..... [39m[31m.......... .[39m[31m.....[39m[31m.... .......[39m[31m...  2%[39m[31m 1004K 2s
    50K .......... ...[39m[31m.....[39m[31m.. .........[39m[31m. ..[39m[31m........ .....[39m[31m....[39m[31m.  5% 32.0M 1s
   100K .......... .[39m[31m.....[39m[31m.... .......[39m[31m... [39m[31m.......... ...[39m[31m.....[39m[31m..  7% 2.09M 1s
   150K .........[39m[31m. ..[39m[31m........ .....[39m[31m.....[39m[31m .......... .[39m[31m.....[39m[31m.... 10% 46.8M 1s
   200K .......[39m[31m... .[39m[31m......... ...[39m[31m.......[39m[31m .......... .......... 13% 84.3M 0s
   250K .....[39m[31m.....[39m[31m .......... ..[39m[31m........ .......[39m[31m... .[39m[31m......... 15% 2.14M 1s
   300K ...[39m[31m....... .......... .......... ....[39m[31m.[39m[31m..... .[39m[31m......... 18% 78.8M 0s
   350K .[39m[31m......... .......[39m[31m... [39m[31m.......... ...[39m[31m....... ........[39m[31m.[39m[31m. 21% 88.0M 0s
   400K .......... ...[39m[31m..[39m[31m..... .......... .[39m[31m......... .......[39m[31m... 23%[39m[31m  121M 0s
   450K .......... ...[39m[31m......[39m[31m. .......... ...[39m[31m....... .....[39m[31m.....[39m[31m 26%  108M 0s
   500K .......... .[39m[31m.....[39m[31m.... .......[39m[31m... [39m[31m.......... ...[39m[31m....... 29% 2.19M 0s
   550K .........[39m[31m. .......... .....[39m[31m..... ...[39m[31m....... .[39m[31m....[39m[31m..... 31% 94.9M 0s
   600K .......... [39m[31m.......... ...[39m[31m....... [39m[31m.........[39m[31m. ......[39m[31m.... 34%  134M 0s
   650K .....[39m[31m.....[39m[31m .......... ....[39m[31m...... .......[39m[31m... [39m[31m.......... 37%  114M 0s
   700K ...[39m[31m....[39m[31m... .........[39m[31m. .......... .....[39m[31m.....[39m[31m .......... 39%  113M 0s
   750K .[39m[31m......... .......[39m[31m... [39m[31m.......... ...[39m[31m....... .........[39m[31m. 42% 95.5M[39m[31m 0s
   800K .......... .....[39m[31m..... ...[39m[31m....... .[39m[31m..[39m[31m....... .......[39m[31m... 45%  124M 0s
   850K .......... ...[39m[31m.....[39m[31m.. .........[39m[31m. .......... .....[39m[31m....[39m[31m. 47%  123M 0s
   900K .......... .[39m[31m........[39m[31m. .......[39m[31m... .....[39m[31m..... ...[39m[31m....... 50%  114M 0s
   950K .........[39m[31m. ...[39m[31m....... .....[39m[31m..... .......... .[39m[31m....[39m[31m..... 53% 79.9M 0s
  1000K .......[39m[31m... .......... ...[39m[31m......[39m[31m. .........[39m[31m. .......... 55% 72.5M[39m[31m 0s
  1050K .......... ........[39m[31m.. .[39m[31m.....[39m[31m.... .......... ....[39m[31m...... 58% 2.45M 0s
  1100K ...[39m[31m....... ....[39m[31m.....[39m[31m. .......... .....[39m[31m..... .......... 61%  127M 0s
  1150K .[39m[31m.....[39m[31m.... .......[39m[31m... .........[39m[31m. ...[39m[31m....... .........[39m[31m. 63% 90.3M 0s
  1200K .......[39m[31m... .....[39m[31m..... .......... .[39m[31m.....[39m[31m.... .......[39m[31m... 66%  117M 0s
  1250K .[39m[31m......... ...[39m[31m....... .[39m[31m.........[39m[31m .......... .....[39m[31m....[39m[31m. 69%  106M 0s
  1300K .......... ..[39m[31m........ .......[39m[31m... .....[39m[31m..... ...[39m[31m....[39m[31m... 71%  112M 0s
  1350K .........[39m[31m. .......... .....[39m[31m....[39m[31m. .......... .[39m[31m........[39m[31m. 74%  122M 0s
  1400K .......[39m[31m... .....[39m[31m..... ...[39m[31m.....[39m[31m.. .......... ...[39m[31m....... 77%  130M 0s
  1450K .....[39m[31m.....[39m[31m .......... .[39m[31m....[39m[31m..... .......[39m[31m... .....[39m[31m..... 79%  109M 0s
  1500K ...[39m[31m....... ....[39m[31m.....[39m[31m. .......... .....[39m[31m..... .....[39m[31m..... 82%  124M 0s
  1550K .[39m[31m.......[39m[31m.. .......[39m[31m... .[39m[31m......... ........[39m[31m.. .........[39m[31m. 85% 92.6M[39m[31m 0s
  1600K .......... .....[39m[31m..... [39m[31m.......... .[39m[31m........[39m[31m. .......[39m[31m... 87%  113M 0s
  1650K ..[39m[31m........ ...[39m[31m....... .........[39m[31m. ...[39m[31m....... .....[39m[31m..... 90%  110M 0s[39m[31m
  1700K .......... .[39m[31m......... .......[39m[31m... .......... ...[39m[31m....... 93%  117M 0s
  1750K .......... ....[39m[31m...... .....[39m[31m.....[39m[31m .......... .[39m[31m........[39m[31m. 95%  113M 0s
  1800K .......[39m[31m... .....[39m[31m..... ...[39m[31m.....[39m[31m.. .........[39m[31m. .......... 98%  126M 0s
  1850K .....[39m[31m....[39m[31m. .......... .......          [39m[31m               100%  147M=0.2s

[39m[31m2026-04-29 09:33:22 (11.8 MB/s) - ‘/nemo/lab/destrooperb/home/shared/zanettc/giulia_proteomics/bulk_proteomics/data/stringdb_cache/10090.protein.info.v12.0.txt.gz’ saved [1922919/1922919]

[39m[31m--2026-04-29 09:33:38--  https://stringdb-downloads.org/download/protein.physical.links.v12.0/10090.protein.physical.links.v12.0.txt.gz
[39m[31mResolving stringdb-downloads.org (stringdb-downloads.org)... [39m[31m49.12.123.75
[39m[31mConnecting to stringdb-downloads.org (stringdb-downloads.org)|49.12.123.75|:443... [39m[31mconnected.
[39m[31mHTTP request sent, awaiting response... [39m[31m200 OK
[39m[31mLength: 4343420 (4.1M) [application/octet-stream]
Saving to: ‘/nemo/lab/destrooperb/home/shared/zanettc/giulia_proteomics/bulk_proteomics/data/stringdb_cache/10090.protein.physical.links.v12.0.txt.gz’
[39m[31m
     0K ..[39m[31m........ .....[39m[31m....[39m[31m. .......... .[39m[31m....[39m[31m..... .......[39m[31m...  1%[39m[31m  983K 4s
    50K .......... ...[39m[31m.....[39m[31m.. .........[39m[31m. ..[39m[31m........ .....[39m[31m....[39m[31m.  2% 25.0M 2s
   100K .......... .[39m[31m....[39m[31m..... .......[39m[31m... .[39m[31m......... ...[39m[31m.....[39m[31m..  3% 2.03M 2s
   150K .........[39m[31m. ...[39m[31m....... .....[39m[31m....[39m[31m. .......... .[39m[31m....[39m[31m.....  4% 58.8M 2s
   200K .......[39m[31m... [39m[31m.......... ...[39m[31m....[39m[31m... .........[39m[31m. ..[39m[31m........  5% 62.6M 1s
   250K .....[39m[31m....[39m[31m. .......... .[39m[31m......... .......[39m[31m... ...[39m[31m.......  7% 2.07M 1s
   300K ...[39m[31m....[39m[31m... .........[39m[31m. ..[39m[31m........ .....[39m[31m....[39m[31m. ..........  8% 77.3M 1s
   350K .[39m[31m......... .......[39m[31m... .[39m[31m......... ...[39m[31m....[39m[31m... .........[39m[31m.  9% 98.1M 1s
   400K .......[39m[31m... .......... .......... .......... .......[39m[31m... 10%  113M 1s
   450K .....[39m[31m..... ...[39m[31m.....[39m[31m.. .........[39m[31m. .......[39m[31m... .....[39m[31m....[39m[31m. 11% 97.2M 1s
   500K .......... .[39m[31m......... .......[39m[31m... [39m[31m.......... .....[39m[31m..... 12% 2.11M 1s
   550K .........[39m[31m. ...[39m[31m....... .....[39m[31m..... [39m[31m.......... .[39m[31m...[39m[31m...... 14% 24.2K 13s
   600K .......[39m[31m...[39m[31m .......... ...[39m[31m...[39m[31m.... .........[39m[31m. .[39m[31m......... 15% 1.84M 12s
   650K .....[39m[31m...[39m[31m.. .......... .[39m[31m...[39m[31m...... .......[39m[31m...[39m[31m .......... 16% 2.01M 11s
   700K ...[39m[31m...[39m[31m.... .........[39m[31m. .[39m[31m......... .....[39m[31m...[39m[31m.. .......... 17% 36.1M 10s
   750K .[39m[31m...[39m[31m...... .......[39m[31m...[39m[31m .......... ...[39m[31m...[39m[31m.... .........[39m[31m. 18%[39m[31m 2.05M 10s
   800K .......... .....[39m[31m..... ..........[39m[31m .......[39m[31m... .......[39m[31m...[39m[31m 20% 79.2M 9s
   850K .......... ...[39m[31m....... .........[39m[31m. ..........[39m[31m .....[39m[31m...[39m[31m.. 21% 80.6M 8s
   900K .......... .[39m[31m......... ....[39m[31m...[39m[31m... .....[39m[31m..... ...[39m[31m...[39m[31m.... 22% 74.1M 8s
   950K .........[39m[31m. .......... .....[39m[31m...[39m[31m.. .......... .[39m[31m......... 23%[39m[31m 66.7M 7s
  1000K .......[39m[31m...[39m[31m .......... ...[39m[31m..[39m[31m..... .........[39m[31m. .......... 24% 2.13M 7s
  1050K .[39m[31m......... ...[39m[31m....... .......... .......... .......... 25%  102M 7s
  1100K ......[39m[31m.... .......... ........[39m[31m.. .......... .[39m[31m......... 27%  111M 6s
  1150K .[39m[31m......... .......[39m[31m... .......... ...[39m[31m....... ....[39m[31m...... 28% 97.2M 6s
  1200K ..[39m[31m........ .....[39m[31m..... .......... .[39m[31m......... ..[39m[31m........ 29%  108M 5s
  1250K .[39m[31m......... ...[39m[31m....... .........[39m[31m. .......... .[39m[31m......... 30%  111M 5s[39m[31m
  1300K .......... .[39m[31m......... .......[39m[31m... ......[39m[31m.... .......... 31%  110M 5s[39m[31m
  1350K .........[39m[31m. .......... .....[39m[31m..... .......... .[39m[31m......... 33%[39m[31m  102M 5s
  1400K .......... .....[39m[31m..... ...[39m[31m....... .........[39m[31m. .......... 34%  117M 4s
  1450K [39m[31m.......... ...[39m[31m....... .[39m[31m...[39m[31m...... .......[39m[31m...[39m[31m .......... 35% 2.24M 4s
  1500K ...[39m[31m....... .........[39m[31m. .......... .....[39m[31m..... ...[39m[31m....... 36%  104M 4s
  1550K .[39m[31m......... .......[39m[31m... .......... ...[39m[31m....... .........[39m[31m. 37% 98.2M 4s
  1600K .......[39m[31m... .........[39m[31m. .......... .[39m[31m......... .......[39m[31m... 38%  109M 4s
  1650K ..........[39m[31m .......... .[39m[31m......... .......[39m[31m... ........[39m[31m.. 40%  122M 3s
  1700K .......... .[39m[31m......... .......[39m[31m... .....[39m[31m..... ..........[39m[31m 41%  112M 3s
  1750K .........[39m[31m. .......... .....[39m[31m..... .......... .[39m[31m........[39m[31m. 42%  100M 3s
  1800K .......[39m[31m... .......... ...[39m[31m....... .........[39m[31m. ..........[39m[31m 43%  115M 3s
  1850K ......[39m[31m.... .......... .[39m[31m......... .......[39m[31m... .......... 44%  115M 3s
  1900K ...[39m[31m....... .[39m[31m......... ......[39m[31m.... .........[39m[31m. .......... 45%  120M 3s
  1950K .[39m[31m......... .......[39m[31m... .......... ...[39m[31m....... .......... 47% 94.3M 3s
  2000K .......... .....[39m[31m..... .......... .......... ........[39m[31m.. 48%  127M 2s
  2050K .......... ...[39m[31m....... ........[39m[31m.. .......... .....[39m[31m..... 49%  114M 2s
  2100K ...[39m[31m....... .[39m[31m......... .......[39m[31m... .......... ...[39m[31m....... 50%  108M 2s
  2150K .......[39m[31m... ....[39m[31m...... .......... [39m[31m.......... ..[39m[31m........ 51%  102M 2s
  2200K .......[39m[31m... .......... .[39m[31m......... .[39m[31m......... .......[39m[31m... 53%  113M 2s
  2250K .....[39m[31m..... .......... .[39m[31m...[39m[31m...... .......[39m[31m... .........[39m[31m. 54%  646K 2s
  2300K .......... .[39m[31m......... ....[39m[31m...... .....[39m[31m...[39m[31m.. .......... 55% 25.6M 2s
  2350K .[39m[31m......... .......[39m[31m... ........[39m[31m.. .......... .[39m[31m........[39m[31m. 56%[39m[31m 23.3M 2s
  2400K .......... .....[39m[31m..... .......... .[39m[31m........[39m[31m. .......... 57% 95.1M 2s
  2450K[39m[31m .......... ...[39m[31m...[39m[31m.... .........[39m[31m. .......[39m[31m... .........[39m[31m. 58% 23.8M 2s
  2500K .......... .[39m[31m......... .......[39m[31m...[39m[31m .......... ...[39m[31m....... 60% 25.1M 2s
  2550K .[39m[31m......... .....[39m[31m..... .....[39m[31m..... .......... .[39m[31m...[39m[31m...... 61% 24.3M 2s
  2600K .......[39m[31m... [39m[31m.......... ...[39m[31m....... .........[39m[31m. .......... 62% 99.5M 1s
  2650K .....[39m[31m...[39m[31m.. .......... .[39m[31m......... .......[39m[31m... .......... 63% 24.8M[39m[31m 1s
  2700K .......... .[39m[31m........[39m[31m. .[39m[31m......... .....[39m[31m..... .......... 64% 23.9M[39m[31m 1s
  2750K .........[39m[31m. .......... .[39m[31m......... ...[39m[31m...[39m[31m.... .........[39m[31m. 66%[39m[31m 22.6M 1s
  2800K .......... .....[39m[31m..... .......... .[39m[31m......... .......[39m[31m...[39m[31m 67% 25.3M 1s
  2850K .......... ...[39m[31m....... .........[39m[31m. .......... ......[39m[31m.... 68%  112M 1s
  2900K .......... .[39m[31m...[39m[31m...... .......[39m[31m... .......... ...[39m[31m....... 69% 23.2M 1s
  2950K .[39m[31m......... .......[39m[31m... .....[39m[31m...[39m[31m.. .......... .[39m[31m........[39m[31m. 70% 24.0M 1s
  3000K .......[39m[31m... .......... ...[39m[31m....... .........[39m[31m. .[39m[31m......... 71% 25.2M 1s
  3050K .....[39m[31m..... ...[39m[31m....... ...[39m[31m....... .......[39m[31m... .......... 73%  102M 1s
  3100K ...[39m[31m...[39m[31m.... .......... .......[39m[31m... .......... ...[39m[31m....... 74% 24.0M 1s
  3150K .[39m[31m......... .......[39m[31m...[39m[31m .......... ...[39m[31m....... ...[39m[31m....... 75% 23.1M 1s
  3200K .[39m[31m......... .....[39m[31m..... .......... .[39m[31m...[39m[31m...... ........[39m[31m.. 76% 13.2M 1s
  3250K .......... ...[39m[31m....... .........[39m[31m. .......... ...[39m[31m..[39m[31m...[39m[31m.. 77% 24.7M 1s
  3300K .......... .[39m[31m......... .......[39m[31m... ......[39m[31m.... .......... 78%[39m[31m  109M 1s
  3350K .........[39m[31m. .[39m[31m......... .....[39m[31m..... .......... .[39m[31m......... 80% 23.3M[39m[31m 1s
  3400K .......... ....[39m[31m...... ...[39m[31m...[39m[31m.... .........[39m[31m. .......... 81% 24.6M 1s
  3450K .....[39m[31m..... ......[39m[31m.... .........[39m[31m. .......[39m[31m...[39m[31m .......... 82% 24.7M 1s
  3500K ...[39m[31m....... .........[39m[31m. .......... .......... ..........[39m[31m 83% 97.5M 0s
  3550K .[39m[31m...[39m[31m...... .......... ........[39m[31m.. .......... ....[39m[31m...... 84% 24.1M 0s
  3600K ....[39m[31m...... .....[39m[31m...[39m[31m.. .......... .[39m[31m......... .[39m[31m......... 86% 23.9M 0s
  3650K[39m[31m .......... ...[39m[31m....... .........[39m[31m. .[39m[31m......... .....[39m[31m..... 87%[39m[31m 23.7M 0s
  3700K .......... .[39m[31m......... .......[39m[31m... .....[39m[31m..... ...[39m[31m...[39m[31m.... 88% 25.3M 0s
  3750K .........[39m[31m. .......... .....[39m[31m..... .......[39m[31m... .........[39m[31m. 89% 94.7M 0s
  3800K .......[39m[31m...[39m[31m .......... ...[39m[31m....... .........[39m[31m. ..........[39m[31m 90% 24.1M 0s
  3850K ..........[39m[31m .......... .[39m[31m...[39m[31m...... .......[39m[31m... .......... 91% 24.4M 0s
  3900K ...[39m[31m....... .[39m[31m......... ....[39m[31m...... .....[39m[31m...[39m[31m.. .......... 93% 24.7M 0s
  3950K .[39m[31m...[39m[31m...... .......[39m[31m... .......... ...[39m[31m....... .........[39m[31m. 94%[39m[31m 23.0M 0s
  4000K .......... .....[39m[31m..... ...[39m[31m....... ......[39m[31m.... .......[39m[31m... 95%  107M 0s
  4050K .......... ...[39m[31m...[39m[31m.... .........[39m[31m. .[39m[31m......... .....[39m[31m..... 96% 23.3M 0s
  4100K .......... .[39m[31m........[39m[31m. .......[39m[31m...[39m[31m .......... ...[39m[31m....... 97% 25.1M 0s
  4150K .........[39m[31m. .......[39m[31m... .......... .[39m[31m......... .[39m[31m...[39m[31m...... 99% 23.9M 0s
  4200K .......[39m[31m... .......... ...[39m[31m....... ........[39m[31m.. .         100%  104M=2.5s

[39m[31m2026-04-29 09:33:41 (1.68 MB/s) - ‘/nemo/lab/destrooperb/home/shared/zanettc/giulia_proteomics/bulk_proteomics/data/stringdb_cache/10090.protein.physical.links.v12.0.txt.gz’ saved [4343420/4343420]

[39m11/21                  
12/21 [plot_full]      
13/21                  
14/21 [plot_topN]      
15/21                  
16/21 [unnamed-chunk-5]
17/21                  
18/21 [unnamed-chunk-6]
19/21                  
20/21 [unnamed-chunk-7]
21/21                  
[31moutput file: 06_PPI.knit.md

[39m[1m[34m[ 9/13] bulk_proteomics/notebooks/07_subcellular.qmd[39m[22m
[31m

processing file: 07_subcellular.qmd
[39m1/21                      
2/21 [setup]              
3/21                      
4/21 [unnamed-chunk-1]    
5/21                      
6/21 [unnamed-chunk-2]    
7/21                      
8/21 [unnamed-chunk-3]    
9/21                      
10/21 [unnamed-chunk-4]    
11/21                      
12/21 [compartment_counts] 
13/21                      
14/21 [facet_volcano]      
15/21                      
16/21 [secretome]          
17/21                      
18/21 [top_per_compartment]
19/21                      
20/21 [unnamed-chunk-5]    
21/21                      
[31moutput file: 07_subcellular.knit.md

[39m[1m[34m[10/13] phosphoproteomics/notebooks/01_phospho_qc.qmd[39m[22m
[31m

processing file: 01_phospho_qc.qmd
[39m1/23                  
2/23 [setup]          
3/23                  
4/23 [unnamed-chunk-1]
5/23                  
6/23 [unnamed-chunk-2]
7/23                  
8/23 [load]           
9/23                  
10/23 [filter]         
11/23                  
12/23 [site_metrics]   
13/23                  
14/23 [plot_counts]    
15/23                  
16/23 [mad_outliers]   
17/23                  
18/23 [pca]            
19/23                  
20/23 [corr_heatmap]   
21/23                  
22/23 [save]           
23/23                  
[31moutput file: 01_phospho_qc.knit.md

[39m[1m[34m[11/13] phosphoproteomics/notebooks/02_msstatsptm.qmd[39m[22m
[31m

processing file: 02_msstatsptm.qmd
[39m1/27                   
2/27 [setup]           
3/27                   
4/27 [unnamed-chunk-1] 
5/27                   
6/27 [unnamed-chunk-2] 
7/27                   
8/27 [load]            
9/27                   
10/27 [patch_conditions]
11/27                   
12/27 [convert]         
13/27                   
14/27 [reload]          
15/27                   
16/27 [summarise]       
[2026-04-29T10:38:56.485] error: *** JOB 46109881 ON cn011 CANCELLED AT 2026-04-29T10:38:56 DUE to SIGNAL Terminated ***
