host: cn018
start: 2026-04-29T10:39:48+01:00
[1m[34m[ 1/13] index.qmd[39m[22m
[1m[34m[ 2/13] bulk_proteomics/notebooks/03_DE_plots.qmd[39m[22m
[1m[34m[ 3/13] phosphoproteomics/notebooks/05_phospho_GSEA.qmd[39m[22m
[1m[34m[ 4/13] bulk_proteomics/notebooks/05_microglia_app_modulated.qmd[39m[22m
[1m[34m[ 5/13] phosphoproteomics/notebooks/03_phospho_DE_plots.qmd[39m[22m
[1m[34m[ 6/13] phosphoproteomics/notebooks/04_kinase_activity.qmd[39m[22m
[1m[34m[ 7/13] bulk_proteomics/notebooks/04_gsea.qmd[39m[22m
[1m[34m[ 8/13] bulk_proteomics/notebooks/06_PPI.qmd[39m[22m
[1m[34m[ 9/13] bulk_proteomics/notebooks/07_subcellular.qmd[39m[22m
[1m[34m[10/13] phosphoproteomics/notebooks/01_phospho_qc.qmd[39m[22m
[1m[34m[11/13] phosphoproteomics/notebooks/02_msstatsptm.qmd[39m[22m
[31m

processing file: 02_msstatsptm.qmd
[39m1/27                   
2/27 [setup]           
3/27                   
4/27 [unnamed-chunk-1] 
5/27                   
6/27 [unnamed-chunk-2] 
7/27                   
8/27 [load]            
9/27                   
10/27 [patch_conditions]
11/27                   
12/27 [convert]         
13/27                   
14/27 [reload]          
15/27                   
16/27 [summarise]       
17/27                   
18/27 [contrasts]       
19/27                   
20/27 [group_comparison]
21/27                   
22/27 [export]          
23/27                   
24/27 [summary_table]   
25/27                   
26/27 [reload2]         
27/27                   
[31moutput file: 02_msstatsptm.knit.md

[39m[1m[34m[12/13] bulk_proteomics/notebooks/01_initial_qc_spectronaut.qmd[39m[22m
[31m

processing file: 01_initial_qc_spectronaut.qmd
[39m1/33                   
2/33 [setup]           
3/33                   
4/33 [unnamed-chunk-1] 
5/33                   
6/33 [unnamed-chunk-2] 
7/33                   
8/33 [unnamed-chunk-3] 
9/33                   
10/33 [unnamed-chunk-4] 
11/33                   
12/33 [unnamed-chunk-5] 
13/33                   
14/33 [unnamed-chunk-6] 
15/33                   
16/33 [unnamed-chunk-7] 
17/33                   
18/33 [unnamed-chunk-8] 
19/33                   
20/33 [unnamed-chunk-9] 
21/33                   
22/33 [unnamed-chunk-10]
23/33                   
24/33 [unnamed-chunk-11]
25/33                   
26/33 [unnamed-chunk-12]
27/33                   
28/33 [unnamed-chunk-13]
29/33                   
30/33 [unnamed-chunk-14]
31/33                   
32/33 [unnamed-chunk-15]
33/33                   
[31moutput file: 01_initial_qc_spectronaut.knit.md

[39m[1m[34m[13/13] bulk_proteomics/notebooks/02_msstats.qmd[39m[22m
[31m

processing file: 02_msstats.qmd
[39m1/35                   
2/35 [setup]           
3/35                   
4/35 [unnamed-chunk-1] 
5/35                   
6/35 [unnamed-chunk-2] 
7/35                   
8/35 [unnamed-chunk-3] 
9/35                   
10/35 [unnamed-chunk-4] 
11/35                   
12/35 [unnamed-chunk-5] 
13/35                   
14/35 [unnamed-chunk-6] 
15/35                   
16/35 [unnamed-chunk-7] 
17/35                   
18/35 [unnamed-chunk-8] 
19/35                   
20/35 [unnamed-chunk-9] 
21/35                   
22/35 [unnamed-chunk-10]
23/35                   
24/35 [unnamed-chunk-11]
25/35                   
26/35 [unnamed-chunk-12]
27/35                   
28/35 [unnamed-chunk-13]
29/35                   
30/35 [unnamed-chunk-14]
31/35                   
32/35 [unnamed-chunk-15]
33/35                   
34/35 [unnamed-chunk-16]
35/35                   
[31moutput file: 02_msstats.knit.md

[39m
Output created: docs/index.html

end: 2026-04-29T17:34:32+01:00
