host: cn067
start: 2026-05-14T08:10:35+01:00
[1m[34m[ 1/16] index.qmd[39m[22m
[1m[34m[ 2/16] bulk_proteomics/notebooks/03_DE_plots.qmd[39m[22m
[1m[34m[ 3/16] phosphoproteomics/notebooks/03_phospho_DE_plots.qmd[39m[22m
[1m[34m[ 4/16] phosphoproteomics/notebooks/05_phospho_GSEA.qmd[39m[22m
[1m[34m[ 5/16] bulk_proteomics/notebooks/05_microglia_app_modulated.qmd[39m[22m
[1m[34m[ 6/16] bulk_proteomics/notebooks/08_protein_profileplots.qmd[39m[22m
[1m[34m[ 7/16] phosphoproteomics/notebooks/06_phospho_profileplots.qmd[39m[22m
[1m[34m[ 8/16] bulk_proteomics/notebooks/04_gsea.qmd[39m[22m
[1m[34m[ 9/16] phosphoproteomics/notebooks/04_kinase_activity.qmd[39m[22m
[1m[34m[10/16] phosphoproteomics/notebooks/07_power_downsampling.qmd[39m[22m
[1m[34m[11/16] bulk_proteomics/notebooks/06_PPI.qmd[39m[22m
[1m[34m[12/16] bulk_proteomics/notebooks/07_subcellular.qmd[39m[22m
[1m[34m[13/16] phosphoproteomics/notebooks/01_phospho_qc.qmd[39m[22m
[1m[34m[14/16] phosphoproteomics/notebooks/02_msstatsptm.qmd[39m[22m
[1m[34m[15/16] bulk_proteomics/notebooks/01_initial_qc_spectronaut.qmd[39m[22m
[1m[34m[16/16] bulk_proteomics/notebooks/02_msstats.qmd[39m[22m

Output created: docs/index.html

end: 2026-05-14T08:11:13+01:00
