host: cn012
start: 2026-04-29T00:53:25+01:00
[1m[34m[ 1/13] index.qmd[39m[22m
[1m[34m[ 2/13] bulk_proteomics/notebooks/03_DE_plots.qmd[39m[22m
[31m

processing file: 03_DE_plots.qmd
[39m1/13                  
2/13 [setup]          
3/13                  
4/13 [unnamed-chunk-1]
5/13                  
6/13 [unnamed-chunk-2]
7/13                  
8/13 [unnamed-chunk-3]
9/13                  
10/13 [unnamed-chunk-4]
11/13                  
12/13 [unnamed-chunk-5]
13/13                  
[31moutput file: 03_DE_plots.knit.md

[39m[1m[34m[ 3/13] phosphoproteomics/notebooks/05_phospho_GSEA.qmd[39m[22m
[31m

processing file: 05_phospho_GSEA.qmd
[39m1/13                  
2/13 [setup]          
3/13                  
4/13 [unnamed-chunk-1]
5/13                  
6/13 [load]           
7/13                  
8/13 [ranks]          
9/13                  
10/13 [genesets]       
11/13                  
12/13 [run_gsea]       
13/13                  
[31moutput file: 05_phospho_GSEA.knit.md

[39m[1m[34m[ 4/13] bulk_proteomics/notebooks/05_microglia_app_modulated.qmd[39m[22m
[31m

processing file: 05_microglia_app_modulated.qmd
[39m1/15                  
2/15 [setup]          
3/15                  
4/15 [unnamed-chunk-1]
5/15                  
6/15 [unnamed-chunk-2]
7/15                  
8/15 [unnamed-chunk-3]
9/15                  
10/15 [upset]          
11/15                  
12/15 [unnamed-chunk-4]
13/15                  
14/15 [heatmap]        
15/15                  
[31moutput file: 05_microglia_app_modulated.knit.md

[39m[1m[34m[ 5/13] phosphoproteomics/notebooks/03_phospho_DE_plots.qmd[39m[22m
[31m

processing file: 03_phospho_DE_plots.qmd
[39m1/15                  
2/15 [setup]          
3/15                  
4/15 [unnamed-chunk-1]
5/15                  
6/15 [load]           
7/15                  
8/15 [volcano_fn]     
9/15                  
10/15 [run_volcanoes]  
11/15                  
12/15 [concordance]    
13/15                  
14/15 [unnamed-chunk-2]
15/15                  
[31moutput file: 03_phospho_DE_plots.knit.md

[39m[1m[34m[ 6/13] phosphoproteomics/notebooks/04_kinase_activity.qmd[39m[22m
[31m

processing file: 04_kinase_activity.qmd
[39m1/15                  
2/15 [setup]          
3/15                  
4/15 [unnamed-chunk-1]
5/15                  
6/15 [load]           
7/15                  
8/15 [omnipath]       
[31m[2026-04-29 00:59:06] [SUCCESS] [OmnipathR] Loaded 31257 enzyme-substrate relationships from cache.
[39m9/15                  
10/15 [score]          
11/15                  
12/15 [export]         
13/15                  
14/15 [barplots]       
15/15                  
[31moutput file: 04_kinase_activity.knit.md

[39m[1m[34m[ 7/13] bulk_proteomics/notebooks/04_gsea.qmd[39m[22m
[31m

processing file: 04_gsea.qmd
[39m1/17                  
2/17 [unnamed-chunk-1]
3/17                  
4/17 [unnamed-chunk-2]
5/17                  
6/17 [unnamed-chunk-3]
7/17                  
8/17 [unnamed-chunk-4]
9/17                  
10/17 [unnamed-chunk-5]
11/17                  
12/17 [unnamed-chunk-6]
13/17                  
14/17 [unnamed-chunk-7]
15/17                  
16/17 [unnamed-chunk-8]
17/17                  
[31moutput file: 04_gsea.knit.md

[39m[1m[34m[ 8/13] bulk_proteomics/notebooks/06_PPI.qmd[39m[22m
[31m

processing file: 06_PPI.qmd
[39m1/21                  
2/21 [setup]          
3/21                  
4/21 [unnamed-chunk-1]
5/21                  
6/21 [unnamed-chunk-2]
7/21                  
8/21 [unnamed-chunk-3]
9/21                  
10/21 [unnamed-chunk-4]
[31mtrying URL 'https://stringdb-downloads.org/download/protein.aliases.v12.0/10090.protein.aliases.v12.0.txt.gz'
[39m[31mError in `download.file()`:
! cannot open URL 'https://stringdb-downloads.org/download/protein.aliases.v12.0/10090.protein.aliases.v12.0.txt.gz'
Backtrace:
    ▆
 1. └─global build_network(sig)
 2.   └─string_db$map(genes_df, "Gene", removeUnmappedRows = TRUE)
 3.     └─STRINGdb (local) get_aliases(takeFirst)
 4.       └─STRINGdb::downloadAbsentFile(...)
 5.         └─utils::download.file(urlStr, temp)
[39m[31m
Quitting from 06_PPI.qmd:105-148 [unnamed-chunk-4]
Execution halted
[39m