host=cn081
start=2026-04-30T00:33:42+01:00
[31m

processing file: 07_subcellular.qmd
[39m1/21                      
2/21 [setup]              
3/21                      
4/21 [unnamed-chunk-1]    
5/21                      
6/21 [unnamed-chunk-2]    
[31mError in `fread()`:
! File '/nemo/lab/destrooperb/home/shared/zanettc/giulia_proteomics/bulk_proteomics/data/processed/run4/protein_dictionary.csv' does not exist or is non-readable. getwd()=='/nemo/lab/destrooperb/home/shared/zanettc/giulia_proteomics/bulk_proteomics/notebooks'
Backtrace:
    ▆
 1. └─data.table::fread(file.path(objects_dir, "protein_dictionary.csv"))
 2.   └─data.table:::stopf(...)
 3.     └─data.table:::raise_condition(...)
[39m[31m
Quitting from 07_subcellular.qmd:55-71 [unnamed-chunk-2]
[39m[31mExecution halted
[39m