host=cn042
start=2026-04-29T22:11:04+01:00
[31m

processing file: 02_msstats.qmd
[39m1/35                   
2/35 [setup]           
3/35                   
4/35 [unnamed-chunk-1] 
5/35                   
6/35 [unnamed-chunk-2] 
7/35                   
8/35 [unnamed-chunk-3] 
9/35                   
10/35 [unnamed-chunk-4] 
11/35                   
12/35 [unnamed-chunk-5] 
13/35                   
14/35 [unnamed-chunk-6] 
15/35                   
16/35 [unnamed-chunk-7] 
17/35                   
18/35 [unnamed-chunk-8] 
19/35                   
20/35 [unnamed-chunk-9] 
21/35                   
22/35 [unnamed-chunk-10]
[2026-04-29T22:18:00.522] error: *** JOB 46142817 ON cn042 CANCELLED AT 2026-04-29T22:18:00 DUE to SIGNAL Terminated ***
