host=cn003
start=2026-04-29T22:19:49+01:00
[31m

processing file: 02_msstats.qmd
[39m1/37                   
2/37 [setup]           
3/37                   
4/37 [unnamed-chunk-1] 
5/37                   
6/37 [unnamed-chunk-2] 
7/37                   
8/37 [unnamed-chunk-3] 
9/37                   
10/37 [unnamed-chunk-4] 
11/37                   
12/37 [unnamed-chunk-5] 
13/37                   
14/37 [unnamed-chunk-6] 
15/37                   
16/37 [unnamed-chunk-7] 
17/37                   
18/37 [reload]          
19/37                   
20/37 [unnamed-chunk-8] 
21/37                   
22/37 [unnamed-chunk-9] 
23/37                   
24/37 [unnamed-chunk-10]
25/37                   
26/37 [unnamed-chunk-11]
27/37                   
28/37 [unnamed-chunk-12]
29/37                   
30/37 [unnamed-chunk-13]
31/37                   
32/37 [unnamed-chunk-14]
33/37                   
34/37 [unnamed-chunk-15]
35/37                   
36/37 [unnamed-chunk-16]
37/37                   
[31moutput file: 02_msstats.knit.md

[39m[1mpandoc [22m
  to: html
  output-file: 02_msstats.html
  standalone: true
  title-prefix: Giulia Proteomics
  section-divs: true
  html-math-method: mathjax
  wrap: none
  default-image-extension: png
  toc: true
  toc-depth: 3
  
[1mmetadata[22m
  document-css: false
  link-citations: true
  date-format: long
  lang: en
  theme: cosmo
  title: MSstats — Differential Abundance Analysis
  
Output created: ../../docs/bulk_proteomics/notebooks/02_msstats.html

end=2026-04-30T00:33:31+01:00
