host=cn080
start=2026-04-29T22:11:03+01:00
[31m

processing file: 01_initial_qc_spectronaut.qmd
[39m1/33                   
2/33 [setup]           
3/33                   
4/33 [unnamed-chunk-1] 
5/33                   
6/33 [unnamed-chunk-2] 
7/33                   
8/33 [unnamed-chunk-3] 
9/33                   
10/33 [unnamed-chunk-4] 
11/33                   
12/33 [unnamed-chunk-5] 
13/33                   
14/33 [unnamed-chunk-6] 
15/33                   
16/33 [unnamed-chunk-7] 
17/33                   
18/33 [unnamed-chunk-8] 
19/33                   
20/33 [unnamed-chunk-9] 
21/33                   
22/33 [unnamed-chunk-10]
23/33                   
24/33 [unnamed-chunk-11]
25/33                   
26/33 [unnamed-chunk-12]
27/33                   
28/33 [unnamed-chunk-13]
29/33                   
30/33 [unnamed-chunk-14]
31/33                   
32/33 [unnamed-chunk-15]
33/33                   
[31moutput file: 01_initial_qc_spectronaut.knit.md

[39m[1mpandoc [22m
  to: html
  output-file: 01_initial_qc_spectronaut.html
  standalone: true
  title-prefix: Giulia Proteomics
  section-divs: true
  html-math-method: mathjax
  wrap: none
  default-image-extension: png
  toc: true
  toc-depth: 3
  
[1mmetadata[22m
  document-css: false
  link-citations: true
  date-format: long
  lang: en
  theme: cosmo
  title: Initial QC & Data Cleaning — Proteome
  
Output created: ../../docs/bulk_proteomics/notebooks/01_initial_qc_spectronaut.html

end=2026-04-29T22:12:46+01:00
