host=cn078
start=2026-04-30T00:33:42+01:00
[31m

processing file: 04_gsea.qmd
[39m1/17                  
2/17 [unnamed-chunk-1]
3/17                  
4/17 [unnamed-chunk-2]
5/17                  
6/17 [unnamed-chunk-3]
[31mError in `fread()`:
! File '/nemo/lab/destrooperb/home/shared/zanettc/giulia_proteomics/bulk_proteomics/data/processed/run4/protein_dictionary.csv' does not exist or is non-readable. getwd()=='/nemo/lab/destrooperb/home/shared/zanettc/giulia_proteomics/bulk_proteomics/notebooks'
Backtrace:
    ▆
 1. └─data.table::fread(file.path(objects_dir, "protein_dictionary.csv"))
 2.   └─data.table:::stopf(...)
 3.     └─data.table:::raise_condition(...)
[39m[31m
Quitting from 04_gsea.qmd:75-81 [unnamed-chunk-3]
Execution halted
[39m