host=cn084
start=2026-04-29T22:11:04+01:00
[31m

processing file: 01_phospho_qc.qmd
[39m1/23                  
2/23 [setup]          
3/23                  
4/23 [unnamed-chunk-1]
5/23                  
6/23 [unnamed-chunk-2]
7/23                  
8/23 [load]           
9/23                  
10/23 [filter]         
11/23                  
12/23 [site_metrics]   
13/23                  
14/23 [plot_counts]    
15/23                  
16/23 [mad_outliers]   
17/23                  
18/23 [pca]            
19/23                  
20/23 [corr_heatmap]   
21/23                  
22/23 [save]           
23/23                  
[31moutput file: 01_phospho_qc.knit.md

[39m[1mpandoc [22m
  to: html
  output-file: 01_phospho_qc.html
  standalone: true
  title-prefix: Giulia Proteomics
  section-divs: true
  html-math-method: mathjax
  wrap: none
  default-image-extension: png
  toc: true
  toc-depth: 3
  
[1mmetadata[22m
  document-css: false
  link-citations: true
  date-format: long
  lang: en
  theme: cosmo
  title: 1. Phosphoproteome — Initial QC
  
Output created: ../../docs/phosphoproteomics/notebooks/01_phospho_qc.html

end=2026-04-29T22:13:15+01:00
