INFO  [2026-04-30 03:46:37] MSstats - groupComparison function
INFO  [2026-04-30 03:46:37] labeled = FALSE
INFO  [2026-04-30 03:46:37] scopeOfBioReplication = expanded
INFO  [2026-04-30 03:46:43] Case control design of experiment - okay
INFO  [2026-04-30 03:46:43] == Start to test and get inference in whole plot
INFO  [2026-04-30 03:49:03] *** error: results of protein P35564_S553_S569 for comparison hAppNLGF_vs_hApp are NA because there are no measurements in both conditions.
INFO  [2026-04-30 03:49:03] *** error: results of protein P35564_S553_S569 for comparison hApp_FIRE_vs_hApp are NA because there are no measurements in both conditions.
INFO  [2026-04-30 03:49:03] *** error: results of protein P35564_S553_S569 for comparison hAppNLGF_FIRE_vs_hAppNLGF are NA because there are measurements only in a single group
INFO  [2026-04-30 03:49:03] *** error: results of protein P35564_S553_S569 for comparison hAppNLGF_FIRE_vs_hApp_FIRE are NA because there are measurements only in a single group
INFO  [2026-04-30 03:49:03] *** error: results of protein P35564_S553_S569 for comparison Interaction_APP_x_Microglia are NA because there are measurements only in a single group
INFO  [2026-04-30 03:50:09] *** error: results of protein P97820_S836 for comparison hAppNLGF_vs_hApp are NA because there are measurements only in a single group
INFO  [2026-04-30 03:50:09] *** error: results of protein P97820_S836 for comparison hApp_FIRE_vs_hApp are NA because there are no measurements in both conditions.
INFO  [2026-04-30 03:50:09] *** error: results of protein P97820_S836 for comparison hAppNLGF_FIRE_vs_hAppNLGF are NA because there are measurements only in a single group
INFO  [2026-04-30 03:50:09] *** error: results of protein P97820_S836 for comparison hAppNLGF_FIRE_vs_hApp_FIRE are NA because there are no measurements in both conditions.
INFO  [2026-04-30 03:50:09] *** error: results of protein P97820_S836 for comparison Interaction_APP_x_Microglia are NA because there are measurements only in a single group
INFO  [2026-04-30 03:50:32] *** error: results of protein Q3TDQ1_Y692 for comparison hAppNLGF_vs_hApp are NA because there are no measurements in both conditions.
INFO  [2026-04-30 03:50:32] *** error: results of protein Q3TDQ1_Y692 for comparison hApp_FIRE_vs_hApp are NA because there are measurements only in a single group
INFO  [2026-04-30 03:50:32] *** error: results of protein Q3TDQ1_Y692 for comparison hAppNLGF_FIRE_vs_hAppNLGF are NA because there are no measurements in both conditions.
INFO  [2026-04-30 03:50:32] *** error: results of protein Q3TDQ1_Y692 for comparison hAppNLGF_FIRE_vs_hApp_FIRE are NA because there are measurements only in a single group
INFO  [2026-04-30 03:50:32] *** error: results of protein Q3TDQ1_Y692 for comparison Interaction_APP_x_Microglia are NA because there are measurements only in a single group
INFO  [2026-04-30 03:51:17] *** error: results of protein Q5DTY9_S212 for comparison hAppNLGF_vs_hApp are NA because there are no measurements in both conditions.
INFO  [2026-04-30 03:51:17] *** error: results of protein Q5DTY9_S212 for comparison hApp_FIRE_vs_hApp are NA because there are no measurements in both conditions.
INFO  [2026-04-30 03:51:17] *** error: results of protein Q5DTY9_S212 for comparison hAppNLGF_FIRE_vs_hAppNLGF are NA because there are measurements only in a single group
INFO  [2026-04-30 03:51:17] *** error: results of protein Q5DTY9_S212 for comparison hAppNLGF_FIRE_vs_hApp_FIRE are NA because there are measurements only in a single group
INFO  [2026-04-30 03:51:17] *** error: results of protein Q5DTY9_S212 for comparison Interaction_APP_x_Microglia are NA because there are measurements only in a single group
INFO  [2026-04-30 03:51:35] *** error: results of protein Q60604_S602 for comparison hAppNLGF_vs_hApp are NA because there are measurements only in a single group
INFO  [2026-04-30 03:51:35] *** error: results of protein Q60604_S602 for comparison hApp_FIRE_vs_hApp are NA because there are measurements only in a single group
INFO  [2026-04-30 03:51:35] *** error: results of protein Q60604_S602 for comparison hAppNLGF_FIRE_vs_hAppNLGF are NA because there are no measurements in both conditions.
INFO  [2026-04-30 03:51:35] *** error: results of protein Q60604_S602 for comparison hAppNLGF_FIRE_vs_hApp_FIRE are NA because there are no measurements in both conditions.
INFO  [2026-04-30 03:51:35] *** error: results of protein Q60604_S602 for comparison Interaction_APP_x_Microglia are NA because there are measurements only in a single group
INFO  [2026-04-30 03:51:54] *** error: results of protein Q61624_S297 for comparison hAppNLGF_vs_hApp are NA because there are measurements only in a single group
INFO  [2026-04-30 03:51:54] *** error: results of protein Q61624_S297 for comparison hApp_FIRE_vs_hApp are NA because there are measurements only in a single group
INFO  [2026-04-30 03:51:54] *** error: results of protein Q61624_S297 for comparison hAppNLGF_FIRE_vs_hAppNLGF are NA because there are no measurements in both conditions.
INFO  [2026-04-30 03:51:54] *** error: results of protein Q61624_S297 for comparison hAppNLGF_FIRE_vs_hApp_FIRE are NA because there are no measurements in both conditions.
INFO  [2026-04-30 03:51:54] *** error: results of protein Q61624_S297 for comparison Interaction_APP_x_Microglia are NA because there are measurements only in a single group
INFO  [2026-04-30 03:53:06] *** error: results of protein Q6VNB8_S980 for comparison hAppNLGF_vs_hApp are NA because there are measurements only in a single group
INFO  [2026-04-30 03:53:06] *** error: results of protein Q6VNB8_S980 for comparison hApp_FIRE_vs_hApp are NA because there are no measurements in both conditions.
INFO  [2026-04-30 03:53:06] *** error: results of protein Q6VNB8_S980 for comparison hAppNLGF_FIRE_vs_hAppNLGF are NA because there are measurements only in a single group
INFO  [2026-04-30 03:53:06] *** error: results of protein Q6VNB8_S980 for comparison hAppNLGF_FIRE_vs_hApp_FIRE are NA because there are no measurements in both conditions.
INFO  [2026-04-30 03:53:06] *** error: results of protein Q6VNB8_S980 for comparison Interaction_APP_x_Microglia are NA because there are measurements only in a single group
INFO  [2026-04-30 03:53:24] *** error: results of protein Q7TPQ3_S918 for comparison hAppNLGF_vs_hApp are NA because there are measurements only in a single group
INFO  [2026-04-30 03:53:24] *** error: results of protein Q7TPQ3_S918 for comparison hApp_FIRE_vs_hApp are NA because there are measurements only in a single group
INFO  [2026-04-30 03:53:24] *** error: results of protein Q7TPQ3_S918 for comparison hAppNLGF_FIRE_vs_hAppNLGF are NA because there are no measurements in both conditions.
INFO  [2026-04-30 03:53:24] *** error: results of protein Q7TPQ3_S918 for comparison hAppNLGF_FIRE_vs_hApp_FIRE are NA because there are no measurements in both conditions.
INFO  [2026-04-30 03:53:24] *** error: results of protein Q7TPQ3_S918 for comparison Interaction_APP_x_Microglia are NA because there are measurements only in a single group
INFO  [2026-04-30 03:53:55] *** error: results of protein Q80XI3_S1159 for comparison hAppNLGF_vs_hApp are NA because there are measurements only in a single group
INFO  [2026-04-30 03:53:55] *** error: results of protein Q80XI3_S1159 for comparison hApp_FIRE_vs_hApp are NA because there are no measurements in both conditions.
INFO  [2026-04-30 03:53:55] *** error: results of protein Q80XI3_S1159 for comparison hAppNLGF_FIRE_vs_hAppNLGF are NA because there are measurements only in a single group
INFO  [2026-04-30 03:53:55] *** error: results of protein Q80XI3_S1159 for comparison hAppNLGF_FIRE_vs_hApp_FIRE are NA because there are no measurements in both conditions.
INFO  [2026-04-30 03:53:55] *** error: results of protein Q80XI3_S1159 for comparison Interaction_APP_x_Microglia are NA because there are measurements only in a single group
INFO  [2026-04-30 03:54:24] *** error: results of protein Q8BI84_S421 for comparison hAppNLGF_vs_hApp are NA because there are no measurements in both conditions.
INFO  [2026-04-30 03:54:24] *** error: results of protein Q8BI84_S421 for comparison hApp_FIRE_vs_hApp are NA because there are no measurements in both conditions.
INFO  [2026-04-30 03:54:24] *** error: results of protein Q8BI84_S421 for comparison hAppNLGF_FIRE_vs_hAppNLGF are NA because there are measurements only in a single group
INFO  [2026-04-30 03:54:24] *** error: results of protein Q8BI84_S421 for comparison hAppNLGF_FIRE_vs_hApp_FIRE are NA because there are measurements only in a single group
INFO  [2026-04-30 03:54:24] *** error: results of protein Q8BI84_S421 for comparison Interaction_APP_x_Microglia are NA because there are measurements only in a single group
INFO  [2026-04-30 03:54:24] *** error: results of protein Q8BI84_Y418 for comparison hAppNLGF_vs_hApp are NA because there are no measurements in both conditions.
INFO  [2026-04-30 03:54:24] *** error: results of protein Q8BI84_Y418 for comparison hApp_FIRE_vs_hApp are NA because there are no measurements in both conditions.
INFO  [2026-04-30 03:54:24] *** error: results of protein Q8BI84_Y418 for comparison hAppNLGF_FIRE_vs_hAppNLGF are NA because there are measurements only in a single group
INFO  [2026-04-30 03:54:24] *** error: results of protein Q8BI84_Y418 for comparison hAppNLGF_FIRE_vs_hApp_FIRE are NA because there are measurements only in a single group
INFO  [2026-04-30 03:54:24] *** error: results of protein Q8BI84_Y418 for comparison Interaction_APP_x_Microglia are NA because there are measurements only in a single group
INFO  [2026-04-30 03:54:40] *** error: results of protein Q8BQM9 for comparison hAppNLGF_vs_hApp are NA because there are measurements only in a single group
INFO  [2026-04-30 03:54:40] *** error: results of protein Q8BQM9 for comparison hApp_FIRE_vs_hApp are NA because there are no measurements in both conditions.
INFO  [2026-04-30 03:54:40] *** error: results of protein Q8BQM9 for comparison hAppNLGF_FIRE_vs_hAppNLGF are NA because there are measurements only in a single group
INFO  [2026-04-30 03:54:40] *** error: results of protein Q8BQM9 for comparison hAppNLGF_FIRE_vs_hApp_FIRE are NA because there are no measurements in both conditions.
INFO  [2026-04-30 03:54:40] *** error: results of protein Q8BQM9 for comparison Interaction_APP_x_Microglia are NA because there are measurements only in a single group
INFO  [2026-04-30 03:54:48] *** error: results of protein Q8BTW9_T207 for comparison hAppNLGF_vs_hApp are NA because there are measurements only in a single group
INFO  [2026-04-30 03:54:48] *** error: results of protein Q8BTW9_T207 for comparison hApp_FIRE_vs_hApp are NA because there are measurements only in a single group
INFO  [2026-04-30 03:54:48] *** error: results of protein Q8BTW9_T207 for comparison hAppNLGF_FIRE_vs_hAppNLGF are NA because there are no measurements in both conditions.
INFO  [2026-04-30 03:54:48] *** error: results of protein Q8BTW9_T207 for comparison hAppNLGF_FIRE_vs_hApp_FIRE are NA because there are no measurements in both conditions.
INFO  [2026-04-30 03:54:48] *** error: results of protein Q8BTW9_T207 for comparison Interaction_APP_x_Microglia are NA because there are measurements only in a single group
INFO  [2026-04-30 03:55:48] *** error: results of protein Q8K2Y0_S210 for comparison hAppNLGF_vs_hApp are NA because there are no measurements in both conditions.
INFO  [2026-04-30 03:55:48] *** error: results of protein Q8K2Y0_S210 for comparison hApp_FIRE_vs_hApp are NA because there are measurements only in a single group
INFO  [2026-04-30 03:55:48] *** error: results of protein Q8K2Y0_S210 for comparison hAppNLGF_FIRE_vs_hAppNLGF are NA because there are no measurements in both conditions.
INFO  [2026-04-30 03:55:48] *** error: results of protein Q8K2Y0_S210 for comparison hAppNLGF_FIRE_vs_hApp_FIRE are NA because there are measurements only in a single group
INFO  [2026-04-30 03:55:48] *** error: results of protein Q8K2Y0_S210 for comparison Interaction_APP_x_Microglia are NA because there are measurements only in a single group
INFO  [2026-04-30 03:56:05] *** error: results of protein Q8R361_S546 for comparison hAppNLGF_vs_hApp are NA because there are measurements only in a single group
INFO  [2026-04-30 03:56:05] *** error: results of protein Q8R361_S546 for comparison hApp_FIRE_vs_hApp are NA because there are no measurements in both conditions.
INFO  [2026-04-30 03:56:05] *** error: results of protein Q8R361_S546 for comparison hAppNLGF_FIRE_vs_hAppNLGF are NA because there are measurements only in a single group
INFO  [2026-04-30 03:56:05] *** error: results of protein Q8R361_S546 for comparison hAppNLGF_FIRE_vs_hApp_FIRE are NA because there are no measurements in both conditions.
INFO  [2026-04-30 03:56:05] *** error: results of protein Q8R361_S546 for comparison Interaction_APP_x_Microglia are NA because there are measurements only in a single group
INFO  [2026-04-30 03:56:11] *** error: results of protein Q8R5H1_S225 for comparison hAppNLGF_vs_hApp are NA because there are measurements only in a single group
INFO  [2026-04-30 03:56:11] *** error: results of protein Q8R5H1_S225 for comparison hApp_FIRE_vs_hApp are NA because there are measurements only in a single group
INFO  [2026-04-30 03:56:11] *** error: results of protein Q8R5H1_S225 for comparison hAppNLGF_FIRE_vs_hAppNLGF are NA because there are no measurements in both conditions.
INFO  [2026-04-30 03:56:11] *** error: results of protein Q8R5H1_S225 for comparison hAppNLGF_FIRE_vs_hApp_FIRE are NA because there are no measurements in both conditions.
INFO  [2026-04-30 03:56:11] *** error: results of protein Q8R5H1_S225 for comparison Interaction_APP_x_Microglia are NA because there are measurements only in a single group
INFO  [2026-04-30 03:56:36] *** error: results of protein Q91YD6_S763 for comparison hAppNLGF_vs_hApp are NA because there are measurements only in a single group
INFO  [2026-04-30 03:56:36] *** error: results of protein Q91YD6_S763 for comparison hApp_FIRE_vs_hApp are NA because there are no measurements in both conditions.
INFO  [2026-04-30 03:56:36] *** error: results of protein Q91YD6_S763 for comparison hAppNLGF_FIRE_vs_hAppNLGF are NA because there are measurements only in a single group
INFO  [2026-04-30 03:56:36] *** error: results of protein Q91YD6_S763 for comparison hAppNLGF_FIRE_vs_hApp_FIRE are NA because there are no measurements in both conditions.
INFO  [2026-04-30 03:56:36] *** error: results of protein Q91YD6_S763 for comparison Interaction_APP_x_Microglia are NA because there are measurements only in a single group
INFO  [2026-04-30 03:57:02] *** error: results of protein Q99N50_T592 for comparison hAppNLGF_vs_hApp are NA because there are no measurements in both conditions.
INFO  [2026-04-30 03:57:02] *** error: results of protein Q99N50_T592 for comparison hApp_FIRE_vs_hApp are NA because there are measurements only in a single group
INFO  [2026-04-30 03:57:02] *** error: results of protein Q99N50_T592 for comparison hAppNLGF_FIRE_vs_hAppNLGF are NA because there are no measurements in both conditions.
INFO  [2026-04-30 03:57:02] *** error: results of protein Q99N50_T592 for comparison hAppNLGF_FIRE_vs_hApp_FIRE are NA because there are measurements only in a single group
INFO  [2026-04-30 03:57:02] *** error: results of protein Q99N50_T592 for comparison Interaction_APP_x_Microglia are NA because there are measurements only in a single group
INFO  [2026-04-30 03:58:21] *** error: results of protein Q9QVP9_Y580 for comparison hAppNLGF_vs_hApp are NA because there are no measurements in both conditions.
INFO  [2026-04-30 03:58:21] *** error: results of protein Q9QVP9_Y580 for comparison hApp_FIRE_vs_hApp are NA because there are no measurements in both conditions.
INFO  [2026-04-30 03:58:21] *** error: results of protein Q9QVP9_Y580 for comparison hAppNLGF_FIRE_vs_hAppNLGF are NA because there are measurements only in a single group
INFO  [2026-04-30 03:58:21] *** error: results of protein Q9QVP9_Y580 for comparison hAppNLGF_FIRE_vs_hApp_FIRE are NA because there are measurements only in a single group
INFO  [2026-04-30 03:58:21] *** error: results of protein Q9QVP9_Y580 for comparison Interaction_APP_x_Microglia are NA because there are measurements only in a single group
INFO  [2026-04-30 03:58:54] *** error: results of protein Q9WTS4_S298 for comparison hAppNLGF_vs_hApp are NA because there are no measurements in both conditions.
INFO  [2026-04-30 03:58:54] *** error: results of protein Q9WTS4_S298 for comparison hApp_FIRE_vs_hApp are NA because there are measurements only in a single group
INFO  [2026-04-30 03:58:54] *** error: results of protein Q9WTS4_S298 for comparison hAppNLGF_FIRE_vs_hAppNLGF are NA because there are no measurements in both conditions.
INFO  [2026-04-30 03:58:54] *** error: results of protein Q9WTS4_S298 for comparison hAppNLGF_FIRE_vs_hApp_FIRE are NA because there are measurements only in a single group
INFO  [2026-04-30 03:58:54] *** error: results of protein Q9WTS4_S298 for comparison Interaction_APP_x_Microglia are NA because there are measurements only in a single group
INFO  [2026-04-30 03:58:59] *** error: results of protein Q9WV89_T466 for comparison hAppNLGF_vs_hApp are NA because there are measurements only in a single group
INFO  [2026-04-30 03:58:59] *** error: results of protein Q9WV89_T466 for comparison hApp_FIRE_vs_hApp are NA because there are no measurements in both conditions.
INFO  [2026-04-30 03:58:59] *** error: results of protein Q9WV89_T466 for comparison hAppNLGF_FIRE_vs_hAppNLGF are NA because there are measurements only in a single group
INFO  [2026-04-30 03:58:59] *** error: results of protein Q9WV89_T466 for comparison hAppNLGF_FIRE_vs_hApp_FIRE are NA because there are no measurements in both conditions.
INFO  [2026-04-30 03:58:59] *** error: results of protein Q9WV89_T466 for comparison Interaction_APP_x_Microglia are NA because there are measurements only in a single group
INFO  [2026-04-30 03:59:18] == Comparisons for all proteins are done.
INFO  [2026-04-30 04:00:06] The output for groupComparison is ready.
