INFO  [2026-05-05 09:40:29] Starting parameter and data checks..
INFO  [2026-05-05 09:40:29] Parameter and data checks complete.
INFO  [2026-05-05 09:40:29] Starting PTM summarization..
INFO  [2026-05-05 09:40:29] MSstats - dataProcess function
INFO  [2026-05-05 09:40:29] Summary method: TMP
INFO  [2026-05-05 09:40:29] censoredInt: NA
INFO  [2026-05-05 09:40:30] ** Features with one or two measurements across runs are removed.
INFO  [2026-05-05 09:40:30] ** Fractionation handled.
INFO  [2026-05-05 09:40:30] ** Updated quantification data to make balanced design. Missing values are marked by NA
INFO  [2026-05-05 09:40:30] 

INFO  [2026-05-05 09:40:31] Logarithm transformation with base 2 is done
INFO  [2026-05-05 09:40:31] Factorize in columns(GROUP, SUBJECT, GROUP_ORIGINAL, SUBJECT_ORIGINAL, FEATURE, RUN)
Normalization based on median: OK [2026-05-05 09:40:31] 
INFO  [2026-05-05 09:40:32] ** Log2 intensities under cutoff = -0.34817  were considered as censored missing values.
INFO  [2026-05-05 09:40:32] ** Log2 intensities = NA were considered as censored missing values.
INFO  [2026-05-05 09:40:32] ** Use all features that the dataset originally has.
INFO  [2026-05-05 09:40:32] 
 # proteins: 8883
 # peptides per protein: 1-11
 # features per peptide: 1-6
INFO  [2026-05-05 09:40:32] Some proteins have only one feature: 
 A2AJI0_S282,
 A2AP18_S676_S686,
 A2AR02_S411_S413,
 A2RSJ4_S21,
 A2RSJ4_S952 ...
INFO  [2026-05-05 09:40:32] 
                    hApp hAppNLGF hAppNLGF_FIRE hApp_FIRE
             # runs    4        4             4         4
    # bioreplicates    4        4             4         4
 # tech. replicates    1        1             1         1
INFO  [2026-05-05 09:40:32] Some features are completely missing in at least one condition:  
 AAAAALSGS[Phospho (STY)]PPQTEKPTHYR_3_b5_1,
 AAAAALSGS[Phospho (STY)]PPQTEKPTHYR_3_y11_2,
 AAAAALSGS[Phospho (STY)]PPQTEKPTHYR_3_y15_2,
 AAADDGEEPKS[Phospho (STY)]EPETK_3_b4_1,
 AAADDGEEPKS[Phospho (STY)]EPETK_3_y13_2 ...
INFO  [2026-05-05 09:40:32] == Start the summarization per subplot...
INFO  [2026-05-05 09:42:45] == Summarization is done.
INFO  [2026-05-05 09:42:48] Starting Protein summarization..
INFO  [2026-05-05 09:42:48] MSstats - dataProcess function
INFO  [2026-05-05 09:42:48] Summary method: TMP
INFO  [2026-05-05 09:42:48] censoredInt: NA
INFO  [2026-05-05 09:43:04] ** Features with one or two measurements across runs are removed.
INFO  [2026-05-05 09:43:05] ** Fractionation handled.
INFO  [2026-05-05 09:43:21] ** Updated quantification data to make balanced design. Missing values are marked by NA
INFO  [2026-05-05 09:43:21] 

INFO  [2026-05-05 09:43:32] Logarithm transformation with base 2 is done
INFO  [2026-05-05 09:43:42] Factorize in columns(GROUP, SUBJECT, GROUP_ORIGINAL, SUBJECT_ORIGINAL, FEATURE, RUN)
Normalization based on median: OK [2026-05-05 09:43:45] 
INFO  [2026-05-05 09:43:47] ** Log2 intensities under cutoff = -2.162  were considered as censored missing values.
INFO  [2026-05-05 09:43:47] ** Log2 intensities = NA were considered as censored missing values.
INFO  [2026-05-05 11:01:24] ** Flag uninformative feature and outliers by feature selection algorithm.
INFO  [2026-05-05 11:01:26] 
 # proteins: 8918
 # peptides per protein: 1-631
 # features per peptide: 1-6
INFO  [2026-05-05 11:01:26] Some proteins have only one feature: 
 A0A0G2JET4,
 A6X935,
 C0HLV9,
 D3Z7A4;K7N6U2;K7N6Y8;K7N754;L7N2A7,
 P35991 ...
INFO  [2026-05-05 11:01:27] 
                    hApp hAppNLGF hAppNLGF_FIRE hApp_FIRE
             # runs    4        4             4         4
    # bioreplicates    4        4             4         4
 # tech. replicates    1        1             1         1
INFO  [2026-05-05 11:01:29] Some features are completely missing in at least one condition:  
 AAAAAAAAQM[Oxidation (M)]HTK_2_b4_1,
 AAAAAAAAQM[Oxidation (M)]HTK_2_b5_1,
 AAAAAAAAQM[Oxidation (M)]HTK_2_y8_1,
 AAAADGEPLHNEEER_2_y10_1,
 AAAAVASAASSC[Carbamidomethyl (C)]R_3_y7_1 ...
INFO  [2026-05-05 11:01:29] == Start the summarization per subplot...
INFO  [2026-05-05 11:01:29] ** Filtered out uninformative features and outliers.
INFO  [2026-05-05 11:16:27] == Summarization is done.
INFO  [2026-05-05 11:16:40] Summarization complete. Returning output
