INFO  [2026-04-29 14:55:35] MSstats - groupComparison function
INFO  [2026-04-29 14:55:35] labeled = FALSE
INFO  [2026-04-29 14:55:35] scopeOfBioReplication = expanded
INFO  [2026-04-29 14:55:41] Time course design of experiment - okay
INFO  [2026-04-29 14:55:41] == Start to test and get inference in whole plot
INFO  [2026-04-29 15:00:34] *** error: results of protein P35564_S553_S569 for comparison hAppNLGF_vs_hApp are NA because there are no measurements in both conditions.
INFO  [2026-04-29 15:00:34] *** error: results of protein P35564_S553_S569 for comparison hApp_FIRE_vs_hApp are NA because there are no measurements in both conditions.
INFO  [2026-04-29 15:00:34] *** error: results of protein P35564_S553_S569 for comparison hAppNLGF_FIRE_vs_hAppNLGF are NA because there are measurements only in a single group
INFO  [2026-04-29 15:00:34] *** error: results of protein P35564_S553_S569 for comparison hAppNLGF_FIRE_vs_hApp_FIRE are NA because there are measurements only in a single group
INFO  [2026-04-29 15:00:34] *** error: results of protein P35564_S553_S569 for comparison Interaction_APP_x_Microglia are NA because there are measurements only in a single group
INFO  [2026-04-29 15:02:50] *** error: results of protein P97820_S836 for comparison hAppNLGF_vs_hApp are NA because there are measurements only in a single group
INFO  [2026-04-29 15:02:50] *** error: results of protein P97820_S836 for comparison hApp_FIRE_vs_hApp are NA because there are no measurements in both conditions.
INFO  [2026-04-29 15:02:50] *** error: results of protein P97820_S836 for comparison hAppNLGF_FIRE_vs_hAppNLGF are NA because there are measurements only in a single group
INFO  [2026-04-29 15:02:50] *** error: results of protein P97820_S836 for comparison hAppNLGF_FIRE_vs_hApp_FIRE are NA because there are no measurements in both conditions.
INFO  [2026-04-29 15:02:50] *** error: results of protein P97820_S836 for comparison Interaction_APP_x_Microglia are NA because there are measurements only in a single group
INFO  [2026-04-29 15:03:45] *** error: results of protein Q3TDQ1_Y692 for comparison hAppNLGF_vs_hApp are NA because there are no measurements in both conditions.
INFO  [2026-04-29 15:03:45] *** error: results of protein Q3TDQ1_Y692 for comparison hApp_FIRE_vs_hApp are NA because there are measurements only in a single group
INFO  [2026-04-29 15:03:45] *** error: results of protein Q3TDQ1_Y692 for comparison hAppNLGF_FIRE_vs_hAppNLGF are NA because there are no measurements in both conditions.
INFO  [2026-04-29 15:03:45] *** error: results of protein Q3TDQ1_Y692 for comparison hAppNLGF_FIRE_vs_hApp_FIRE are NA because there are measurements only in a single group
INFO  [2026-04-29 15:03:45] *** error: results of protein Q3TDQ1_Y692 for comparison Interaction_APP_x_Microglia are NA because there are measurements only in a single group
INFO  [2026-04-29 15:05:20] *** error: results of protein Q5DTY9_S212 for comparison hAppNLGF_vs_hApp are NA because there are no measurements in both conditions.
INFO  [2026-04-29 15:05:20] *** error: results of protein Q5DTY9_S212 for comparison hApp_FIRE_vs_hApp are NA because there are no measurements in both conditions.
INFO  [2026-04-29 15:05:20] *** error: results of protein Q5DTY9_S212 for comparison hAppNLGF_FIRE_vs_hAppNLGF are NA because there are measurements only in a single group
INFO  [2026-04-29 15:05:20] *** error: results of protein Q5DTY9_S212 for comparison hAppNLGF_FIRE_vs_hApp_FIRE are NA because there are measurements only in a single group
INFO  [2026-04-29 15:05:20] *** error: results of protein Q5DTY9_S212 for comparison Interaction_APP_x_Microglia are NA because there are measurements only in a single group
INFO  [2026-04-29 15:05:58] *** error: results of protein Q60604_S602 for comparison hAppNLGF_vs_hApp are NA because there are measurements only in a single group
INFO  [2026-04-29 15:05:58] *** error: results of protein Q60604_S602 for comparison hApp_FIRE_vs_hApp are NA because there are measurements only in a single group
INFO  [2026-04-29 15:05:58] *** error: results of protein Q60604_S602 for comparison hAppNLGF_FIRE_vs_hAppNLGF are NA because there are no measurements in both conditions.
INFO  [2026-04-29 15:05:58] *** error: results of protein Q60604_S602 for comparison hAppNLGF_FIRE_vs_hApp_FIRE are NA because there are no measurements in both conditions.
INFO  [2026-04-29 15:05:58] *** error: results of protein Q60604_S602 for comparison Interaction_APP_x_Microglia are NA because there are measurements only in a single group
INFO  [2026-04-29 15:06:42] *** error: results of protein Q61624_S297 for comparison hAppNLGF_vs_hApp are NA because there are measurements only in a single group
INFO  [2026-04-29 15:06:42] *** error: results of protein Q61624_S297 for comparison hApp_FIRE_vs_hApp are NA because there are measurements only in a single group
INFO  [2026-04-29 15:06:42] *** error: results of protein Q61624_S297 for comparison hAppNLGF_FIRE_vs_hAppNLGF are NA because there are no measurements in both conditions.
INFO  [2026-04-29 15:06:42] *** error: results of protein Q61624_S297 for comparison hAppNLGF_FIRE_vs_hApp_FIRE are NA because there are no measurements in both conditions.
INFO  [2026-04-29 15:06:42] *** error: results of protein Q61624_S297 for comparison Interaction_APP_x_Microglia are NA because there are measurements only in a single group
INFO  [2026-04-29 15:09:08] *** error: results of protein Q6VNB8_S980 for comparison hAppNLGF_vs_hApp are NA because there are measurements only in a single group
INFO  [2026-04-29 15:09:08] *** error: results of protein Q6VNB8_S980 for comparison hApp_FIRE_vs_hApp are NA because there are no measurements in both conditions.
INFO  [2026-04-29 15:09:08] *** error: results of protein Q6VNB8_S980 for comparison hAppNLGF_FIRE_vs_hAppNLGF are NA because there are measurements only in a single group
INFO  [2026-04-29 15:09:08] *** error: results of protein Q6VNB8_S980 for comparison hAppNLGF_FIRE_vs_hApp_FIRE are NA because there are no measurements in both conditions.
INFO  [2026-04-29 15:09:08] *** error: results of protein Q6VNB8_S980 for comparison Interaction_APP_x_Microglia are NA because there are measurements only in a single group
INFO  [2026-04-29 15:09:50] *** error: results of protein Q7TPQ3_S918 for comparison hAppNLGF_vs_hApp are NA because there are measurements only in a single group
INFO  [2026-04-29 15:09:50] *** error: results of protein Q7TPQ3_S918 for comparison hApp_FIRE_vs_hApp are NA because there are measurements only in a single group
INFO  [2026-04-29 15:09:50] *** error: results of protein Q7TPQ3_S918 for comparison hAppNLGF_FIRE_vs_hAppNLGF are NA because there are no measurements in both conditions.
INFO  [2026-04-29 15:09:50] *** error: results of protein Q7TPQ3_S918 for comparison hAppNLGF_FIRE_vs_hApp_FIRE are NA because there are no measurements in both conditions.
INFO  [2026-04-29 15:09:50] *** error: results of protein Q7TPQ3_S918 for comparison Interaction_APP_x_Microglia are NA because there are measurements only in a single group
INFO  [2026-04-29 15:10:49] *** error: results of protein Q80XI3_S1159 for comparison hAppNLGF_vs_hApp are NA because there are measurements only in a single group
INFO  [2026-04-29 15:10:49] *** error: results of protein Q80XI3_S1159 for comparison hApp_FIRE_vs_hApp are NA because there are no measurements in both conditions.
INFO  [2026-04-29 15:10:49] *** error: results of protein Q80XI3_S1159 for comparison hAppNLGF_FIRE_vs_hAppNLGF are NA because there are measurements only in a single group
INFO  [2026-04-29 15:10:49] *** error: results of protein Q80XI3_S1159 for comparison hAppNLGF_FIRE_vs_hApp_FIRE are NA because there are no measurements in both conditions.
INFO  [2026-04-29 15:10:49] *** error: results of protein Q80XI3_S1159 for comparison Interaction_APP_x_Microglia are NA because there are measurements only in a single group
INFO  [2026-04-29 15:11:38] *** error: results of protein Q8BI84_S421 for comparison hAppNLGF_vs_hApp are NA because there are no measurements in both conditions.
INFO  [2026-04-29 15:11:38] *** error: results of protein Q8BI84_S421 for comparison hApp_FIRE_vs_hApp are NA because there are no measurements in both conditions.
INFO  [2026-04-29 15:11:38] *** error: results of protein Q8BI84_S421 for comparison hAppNLGF_FIRE_vs_hAppNLGF are NA because there are measurements only in a single group
INFO  [2026-04-29 15:11:38] *** error: results of protein Q8BI84_S421 for comparison hAppNLGF_FIRE_vs_hApp_FIRE are NA because there are measurements only in a single group
INFO  [2026-04-29 15:11:38] *** error: results of protein Q8BI84_S421 for comparison Interaction_APP_x_Microglia are NA because there are measurements only in a single group
INFO  [2026-04-29 15:11:38] *** error: results of protein Q8BI84_Y418 for comparison hAppNLGF_vs_hApp are NA because there are no measurements in both conditions.
INFO  [2026-04-29 15:11:38] *** error: results of protein Q8BI84_Y418 for comparison hApp_FIRE_vs_hApp are NA because there are no measurements in both conditions.
INFO  [2026-04-29 15:11:38] *** error: results of protein Q8BI84_Y418 for comparison hAppNLGF_FIRE_vs_hAppNLGF are NA because there are measurements only in a single group
INFO  [2026-04-29 15:11:38] *** error: results of protein Q8BI84_Y418 for comparison hAppNLGF_FIRE_vs_hApp_FIRE are NA because there are measurements only in a single group
INFO  [2026-04-29 15:11:38] *** error: results of protein Q8BI84_Y418 for comparison Interaction_APP_x_Microglia are NA because there are measurements only in a single group
INFO  [2026-04-29 15:12:10] *** error: results of protein Q8BQM9 for comparison hAppNLGF_vs_hApp are NA because there are measurements only in a single group
INFO  [2026-04-29 15:12:10] *** error: results of protein Q8BQM9 for comparison hApp_FIRE_vs_hApp are NA because there are no measurements in both conditions.
INFO  [2026-04-29 15:12:10] *** error: results of protein Q8BQM9 for comparison hAppNLGF_FIRE_vs_hAppNLGF are NA because there are measurements only in a single group
INFO  [2026-04-29 15:12:10] *** error: results of protein Q8BQM9 for comparison hAppNLGF_FIRE_vs_hApp_FIRE are NA because there are no measurements in both conditions.
INFO  [2026-04-29 15:12:10] *** error: results of protein Q8BQM9 for comparison Interaction_APP_x_Microglia are NA because there are measurements only in a single group
INFO  [2026-04-29 15:12:27] *** error: results of protein Q8BTW9_T207 for comparison hAppNLGF_vs_hApp are NA because there are measurements only in a single group
INFO  [2026-04-29 15:12:27] *** error: results of protein Q8BTW9_T207 for comparison hApp_FIRE_vs_hApp are NA because there are measurements only in a single group
INFO  [2026-04-29 15:12:27] *** error: results of protein Q8BTW9_T207 for comparison hAppNLGF_FIRE_vs_hAppNLGF are NA because there are no measurements in both conditions.
INFO  [2026-04-29 15:12:27] *** error: results of protein Q8BTW9_T207 for comparison hAppNLGF_FIRE_vs_hApp_FIRE are NA because there are no measurements in both conditions.
INFO  [2026-04-29 15:12:27] *** error: results of protein Q8BTW9_T207 for comparison Interaction_APP_x_Microglia are NA because there are measurements only in a single group
INFO  [2026-04-29 15:14:37] *** error: results of protein Q8K2Y0_S210 for comparison hAppNLGF_vs_hApp are NA because there are no measurements in both conditions.
INFO  [2026-04-29 15:14:37] *** error: results of protein Q8K2Y0_S210 for comparison hApp_FIRE_vs_hApp are NA because there are measurements only in a single group
INFO  [2026-04-29 15:14:37] *** error: results of protein Q8K2Y0_S210 for comparison hAppNLGF_FIRE_vs_hAppNLGF are NA because there are no measurements in both conditions.
INFO  [2026-04-29 15:14:37] *** error: results of protein Q8K2Y0_S210 for comparison hAppNLGF_FIRE_vs_hApp_FIRE are NA because there are measurements only in a single group
INFO  [2026-04-29 15:14:37] *** error: results of protein Q8K2Y0_S210 for comparison Interaction_APP_x_Microglia are NA because there are measurements only in a single group
INFO  [2026-04-29 15:15:10] *** error: results of protein Q8R361_S546 for comparison hAppNLGF_vs_hApp are NA because there are measurements only in a single group
INFO  [2026-04-29 15:15:10] *** error: results of protein Q8R361_S546 for comparison hApp_FIRE_vs_hApp are NA because there are no measurements in both conditions.
INFO  [2026-04-29 15:15:10] *** error: results of protein Q8R361_S546 for comparison hAppNLGF_FIRE_vs_hAppNLGF are NA because there are measurements only in a single group
INFO  [2026-04-29 15:15:10] *** error: results of protein Q8R361_S546 for comparison hAppNLGF_FIRE_vs_hApp_FIRE are NA because there are no measurements in both conditions.
INFO  [2026-04-29 15:15:10] *** error: results of protein Q8R361_S546 for comparison Interaction_APP_x_Microglia are NA because there are measurements only in a single group
INFO  [2026-04-29 15:15:20] *** error: results of protein Q8R5H1_S225 for comparison hAppNLGF_vs_hApp are NA because there are measurements only in a single group
INFO  [2026-04-29 15:15:20] *** error: results of protein Q8R5H1_S225 for comparison hApp_FIRE_vs_hApp are NA because there are measurements only in a single group
INFO  [2026-04-29 15:15:20] *** error: results of protein Q8R5H1_S225 for comparison hAppNLGF_FIRE_vs_hAppNLGF are NA because there are no measurements in both conditions.
INFO  [2026-04-29 15:15:20] *** error: results of protein Q8R5H1_S225 for comparison hAppNLGF_FIRE_vs_hApp_FIRE are NA because there are no measurements in both conditions.
INFO  [2026-04-29 15:15:20] *** error: results of protein Q8R5H1_S225 for comparison Interaction_APP_x_Microglia are NA because there are measurements only in a single group
INFO  [2026-04-29 15:16:09] *** error: results of protein Q91YD6_S763 for comparison hAppNLGF_vs_hApp are NA because there are measurements only in a single group
INFO  [2026-04-29 15:16:09] *** error: results of protein Q91YD6_S763 for comparison hApp_FIRE_vs_hApp are NA because there are no measurements in both conditions.
INFO  [2026-04-29 15:16:09] *** error: results of protein Q91YD6_S763 for comparison hAppNLGF_FIRE_vs_hAppNLGF are NA because there are measurements only in a single group
INFO  [2026-04-29 15:16:09] *** error: results of protein Q91YD6_S763 for comparison hAppNLGF_FIRE_vs_hApp_FIRE are NA because there are no measurements in both conditions.
INFO  [2026-04-29 15:16:09] *** error: results of protein Q91YD6_S763 for comparison Interaction_APP_x_Microglia are NA because there are measurements only in a single group
INFO  [2026-04-29 15:16:59] *** error: results of protein Q99N50_T592 for comparison hAppNLGF_vs_hApp are NA because there are no measurements in both conditions.
INFO  [2026-04-29 15:16:59] *** error: results of protein Q99N50_T592 for comparison hApp_FIRE_vs_hApp are NA because there are measurements only in a single group
INFO  [2026-04-29 15:16:59] *** error: results of protein Q99N50_T592 for comparison hAppNLGF_FIRE_vs_hAppNLGF are NA because there are no measurements in both conditions.
INFO  [2026-04-29 15:16:59] *** error: results of protein Q99N50_T592 for comparison hAppNLGF_FIRE_vs_hApp_FIRE are NA because there are measurements only in a single group
INFO  [2026-04-29 15:16:59] *** error: results of protein Q99N50_T592 for comparison Interaction_APP_x_Microglia are NA because there are measurements only in a single group
INFO  [2026-04-29 15:19:39] *** error: results of protein Q9QVP9_Y580 for comparison hAppNLGF_vs_hApp are NA because there are no measurements in both conditions.
INFO  [2026-04-29 15:19:39] *** error: results of protein Q9QVP9_Y580 for comparison hApp_FIRE_vs_hApp are NA because there are no measurements in both conditions.
INFO  [2026-04-29 15:19:39] *** error: results of protein Q9QVP9_Y580 for comparison hAppNLGF_FIRE_vs_hAppNLGF are NA because there are measurements only in a single group
INFO  [2026-04-29 15:19:39] *** error: results of protein Q9QVP9_Y580 for comparison hAppNLGF_FIRE_vs_hApp_FIRE are NA because there are measurements only in a single group
INFO  [2026-04-29 15:19:39] *** error: results of protein Q9QVP9_Y580 for comparison Interaction_APP_x_Microglia are NA because there are measurements only in a single group
INFO  [2026-04-29 15:20:43] *** error: results of protein Q9WTS4_S298 for comparison hAppNLGF_vs_hApp are NA because there are no measurements in both conditions.
INFO  [2026-04-29 15:20:43] *** error: results of protein Q9WTS4_S298 for comparison hApp_FIRE_vs_hApp are NA because there are measurements only in a single group
INFO  [2026-04-29 15:20:43] *** error: results of protein Q9WTS4_S298 for comparison hAppNLGF_FIRE_vs_hAppNLGF are NA because there are no measurements in both conditions.
INFO  [2026-04-29 15:20:43] *** error: results of protein Q9WTS4_S298 for comparison hAppNLGF_FIRE_vs_hApp_FIRE are NA because there are measurements only in a single group
INFO  [2026-04-29 15:20:43] *** error: results of protein Q9WTS4_S298 for comparison Interaction_APP_x_Microglia are NA because there are measurements only in a single group
INFO  [2026-04-29 15:20:53] *** error: results of protein Q9WV89_T466 for comparison hAppNLGF_vs_hApp are NA because there are measurements only in a single group
INFO  [2026-04-29 15:20:53] *** error: results of protein Q9WV89_T466 for comparison hApp_FIRE_vs_hApp are NA because there are no measurements in both conditions.
INFO  [2026-04-29 15:20:53] *** error: results of protein Q9WV89_T466 for comparison hAppNLGF_FIRE_vs_hAppNLGF are NA because there are measurements only in a single group
INFO  [2026-04-29 15:20:53] *** error: results of protein Q9WV89_T466 for comparison hAppNLGF_FIRE_vs_hApp_FIRE are NA because there are no measurements in both conditions.
INFO  [2026-04-29 15:20:53] *** error: results of protein Q9WV89_T466 for comparison Interaction_APP_x_Microglia are NA because there are measurements only in a single group
INFO  [2026-04-29 15:21:30] == Comparisons for all proteins are done.
INFO  [2026-04-29 15:22:20] The output for groupComparison is ready.
