INFO  [2026-04-29 10:20:24] Starting parameter and data checks..
INFO  [2026-04-29 10:20:24] Parameter and data checks complete.
INFO  [2026-04-29 10:20:24] Starting PTM summarization..
INFO  [2026-04-29 10:20:24] MSstats - dataProcess function
INFO  [2026-04-29 10:20:24] Summary method: TMP
INFO  [2026-04-29 10:20:24] censoredInt: NA
INFO  [2026-04-29 10:20:40] ** Features with one or two measurements across runs are removed.
INFO  [2026-04-29 10:20:41] ** Fractionation handled.
INFO  [2026-04-29 10:20:59] ** Updated quantification data to make balanced design. Missing values are marked by NA
INFO  [2026-04-29 10:21:00] 

INFO  [2026-04-29 10:21:14] Logarithm transformation with base 2 is done
INFO  [2026-04-29 10:21:27] Factorize in columns(GROUP, SUBJECT, GROUP_ORIGINAL, SUBJECT_ORIGINAL, FEATURE, RUN)
Normalization based on median: OK [2026-04-29 10:21:29] 
INFO  [2026-04-29 10:21:33] ** Log2 intensities under cutoff = -2.7132  were considered as censored missing values.
INFO  [2026-04-29 10:21:33] ** Log2 intensities = NA were considered as censored missing values.
INFO  [2026-04-29 10:21:33] ** Use all features that the dataset originally has.
INFO  [2026-04-29 10:21:36] 
 # proteins: 43745
 # peptides per protein: 1-292
 # features per peptide: 1-6
INFO  [2026-04-29 10:21:36] Some proteins have only one feature: 
 A2A699_S730,
 A2AIV2_T994,
 A2AJI0_S282,
 A2AJI0_S95_T99,
 A2ALS5_S529 ...
INFO  [2026-04-29 10:21:37] 
                    hApp hAppNLGF hAppNLGF_FIRE hApp_FIRE
             # runs    4        4             4         4
    # bioreplicates    4        4             4         4
 # tech. replicates    1        1             1         1
INFO  [2026-04-29 10:21:38] Some features are completely missing in at least one condition:  
 AAAAALS[Phospho (STY)]GSPPQTEKPTHYR_4_y13_2,
 AAADDGEEPKS[Phospho (STY)]EPETKK_2_y3_1,
 AAADDGEEPKSEPETK_2_b12_1,
 AAADDGEEPKSEPETK_2_b8_1,
 AAADDGEEPKSEPETK_2_y11_1 ...
INFO  [2026-04-29 10:21:38] == Start the summarization per subplot...
