INFO  [2026-04-29 11:15:05] ** Raw data from Spectronaut imported successfully.
INFO  [2026-04-29 11:15:07] ** Raw data from Spectronaut cleaned successfully.
INFO  [2026-04-29 11:15:07] ** Using provided annotation.
INFO  [2026-04-29 11:15:07] ** Run labels were standardized to remove symbols such as '.' or '%'.
INFO  [2026-04-29 11:15:07] ** The following options are used:
  - Features will be defined by the columns: PeptideSequence, PrecursorCharge, FragmentIon, ProductCharge
  - Shared peptides will be removed.
  - Proteins with single feature will not be removed.
  - Features with less than 3 measurements across runs will be removed.
INFO  [2026-04-29 11:15:09] ** Intensities with values of FExcludedFromQuantification equal to TRUE are replaced with NA
WARN  [2026-04-29 11:15:10] ** PGQvalue not found in input columns.
INFO  [2026-04-29 11:15:10] ** Intensities with values not smaller than 0.01 in EGQvalue are replaced with NA
INFO  [2026-04-29 11:15:12] ** Features with all missing measurements across runs are removed.
INFO  [2026-04-29 11:15:14] ** Shared peptides are removed.
INFO  [2026-04-29 11:16:14] ** Multiple measurements in a feature and a run are summarized by summaryforMultipleRows: max
INFO  [2026-04-29 11:16:15] ** Features with one or two measurements across runs are removed.
INFO  [2026-04-29 11:16:16] ** Run annotation merged with quantification data.
INFO  [2026-04-29 11:16:19] ** Features with one or two measurements across runs are removed.
INFO  [2026-04-29 11:16:20] ** Fractionation handled.
INFO  [2026-04-29 11:16:28] ** Updated quantification data to make balanced design. Missing values are marked by NA
INFO  [2026-04-29 11:16:29] 

INFO  [2026-04-29 11:16:29] ** Finished preprocessing. The dataset is ready to be processed by the dataProcess function.
INFO  [2026-04-29 11:16:29] 

