INFO  [2026-04-29 22:12:42] ** Raw data from Spectronaut imported successfully.
INFO  [2026-04-29 22:12:46] ** Raw data from Spectronaut cleaned successfully.
INFO  [2026-04-29 22:12:46] ** Using provided annotation.
INFO  [2026-04-29 22:12:46] ** Run labels were standardized to remove symbols such as '.' or '%'.
INFO  [2026-04-29 22:12:46] ** The following options are used:
  - Features will be defined by the columns: PeptideSequence, PrecursorCharge, FragmentIon, ProductCharge
  - Shared peptides will be removed.
  - Proteins with single feature will not be removed.
  - Features with less than 3 measurements across runs will be removed.
INFO  [2026-04-29 22:12:52] ** Intensities with values of FExcludedFromQuantification equal to TRUE are replaced with NA
WARN  [2026-04-29 22:12:54] ** PGQvalue not found in input columns.
INFO  [2026-04-29 22:12:54] ** Intensities with values not smaller than 0.01 in EGQvalue are replaced with NA
INFO  [2026-04-29 22:12:59] ** Features with all missing measurements across runs are removed.
INFO  [2026-04-29 22:13:03] ** Shared peptides are removed.
INFO  [2026-04-29 22:14:08] ** Multiple measurements in a feature and a run are summarized by summaryforMultipleRows: max
INFO  [2026-04-29 22:14:11] ** Features with one or two measurements across runs are removed.
INFO  [2026-04-29 22:14:12] ** Run annotation merged with quantification data.
INFO  [2026-04-29 22:14:24] ** Features with one or two measurements across runs are removed.
INFO  [2026-04-29 22:14:24] ** Fractionation handled.
INFO  [2026-04-29 22:14:48] ** Updated quantification data to make balanced design. Missing values are marked by NA
INFO  [2026-04-29 22:14:48] 

INFO  [2026-04-29 22:14:50] ** Finished preprocessing. The dataset is ready to be processed by the dataProcess function.
INFO  [2026-04-29 22:14:50] 

