INFO  [2026-04-29 22:21:08] ** Raw data from Spectronaut imported successfully.
INFO  [2026-04-29 22:21:14] ** Raw data from Spectronaut cleaned successfully.
INFO  [2026-04-29 22:21:14] ** Using provided annotation.
INFO  [2026-04-29 22:21:14] ** Run labels were standardized to remove symbols such as '.' or '%'.
INFO  [2026-04-29 22:21:14] ** The following options are used:
  - Features will be defined by the columns: PeptideSequence, PrecursorCharge, FragmentIon, ProductCharge
  - Shared peptides will be removed.
  - Proteins with single feature will not be removed.
  - Features with less than 3 measurements across runs will be removed.
INFO  [2026-04-29 22:21:20] ** Intensities with values of FExcludedFromQuantification equal to TRUE are replaced with NA
WARN  [2026-04-29 22:21:23] ** PGQvalue not found in input columns.
INFO  [2026-04-29 22:21:24] ** Intensities with values not smaller than 0.01 in EGQvalue are replaced with NA
INFO  [2026-04-29 22:21:30] ** Features with all missing measurements across runs are removed.
INFO  [2026-04-29 22:21:36] ** Shared peptides are removed.
INFO  [2026-04-29 22:22:56] ** Multiple measurements in a feature and a run are summarized by summaryforMultipleRows: max
INFO  [2026-04-29 22:23:00] ** Features with one or two measurements across runs are removed.
INFO  [2026-04-29 22:23:02] ** Run annotation merged with quantification data.
INFO  [2026-04-29 22:23:16] ** Features with one or two measurements across runs are removed.
INFO  [2026-04-29 22:23:16] ** Fractionation handled.
INFO  [2026-04-29 22:23:52] ** Updated quantification data to make balanced design. Missing values are marked by NA
INFO  [2026-04-29 22:23:52] 

INFO  [2026-04-29 22:23:55] ** Finished preprocessing. The dataset is ready to be processed by the dataProcess function.
INFO  [2026-04-29 22:23:55] 

