INFO  [2026-04-29 15:29:48] ** Raw data from Spectronaut imported successfully.
INFO  [2026-04-29 15:29:53] ** Raw data from Spectronaut cleaned successfully.
INFO  [2026-04-29 15:29:53] ** Using provided annotation.
INFO  [2026-04-29 15:29:53] ** Run labels were standardized to remove symbols such as '.' or '%'.
INFO  [2026-04-29 15:29:53] ** The following options are used:
  - Features will be defined by the columns: PeptideSequence, PrecursorCharge, FragmentIon, ProductCharge
  - Shared peptides will be removed.
  - Proteins with single feature will not be removed.
  - Features with less than 3 measurements across runs will be removed.
INFO  [2026-04-29 15:29:58] ** Intensities with values of FExcludedFromQuantification equal to TRUE are replaced with NA
WARN  [2026-04-29 15:30:00] ** PGQvalue not found in input columns.
INFO  [2026-04-29 15:30:01] ** Intensities with values not smaller than 0.01 in EGQvalue are replaced with NA
INFO  [2026-04-29 15:30:06] ** Features with all missing measurements across runs are removed.
INFO  [2026-04-29 15:30:09] ** Shared peptides are removed.
INFO  [2026-04-29 15:31:13] ** Multiple measurements in a feature and a run are summarized by summaryforMultipleRows: max
INFO  [2026-04-29 15:31:16] ** Features with one or two measurements across runs are removed.
INFO  [2026-04-29 15:31:17] ** Run annotation merged with quantification data.
INFO  [2026-04-29 15:31:28] ** Features with one or two measurements across runs are removed.
INFO  [2026-04-29 15:31:29] ** Fractionation handled.
INFO  [2026-04-29 15:31:50] ** Updated quantification data to make balanced design. Missing values are marked by NA
INFO  [2026-04-29 15:31:50] 

INFO  [2026-04-29 15:31:52] ** Finished preprocessing. The dataset is ready to be processed by the dataProcess function.
INFO  [2026-04-29 15:31:52] 

